c:\users\алехандро\desktop\alexprojects\algorithmicproject\x64\debug\algoritmicproject.exe
c:\users\алехандро\desktop\alexprojects\algorithmicproject\x64\debug\algoritmicproject.ilk
c:\users\алехандро\desktop\alexprojects\algorithmicproject\x64\debug\algoritmicproject.pdb
c:\users\алехандро\desktop\alexprojects\algorithmicproject\x64\debug\esp17e6.tmp
c:\users\алехандро\desktop\alexprojects\algorithmicproject\x64\debug\esp2033.tmp
c:\users\алехандро\desktop\alexprojects\algorithmicproject\x64\debug\esp28fb.tmp
c:\users\алехандро\desktop\alexprojects\algorithmicproject\x64\debug\esp2e68.tmp
c:\users\алехандро\desktop\alexprojects\algorithmicproject\x64\debug\esp517d.tmp
c:\users\алехандро\desktop\alexprojects\algorithmicproject\x64\debug\esp5ae7.tmp
c:\users\алехандро\desktop\alexprojects\algorithmicproject\x64\debug\esp5ce6.tmp
c:\users\алехандро\desktop\alexprojects\algorithmicproject\x64\debug\esp66cd.tmp
c:\users\алехандро\desktop\alexprojects\algorithmicproject\x64\debug\esp6915.tmp
c:\users\алехандро\desktop\alexprojects\algorithmicproject\x64\debug\esp7aa1.tmp
c:\users\алехандро\desktop\alexprojects\algorithmicproject\x64\debug\esp8094.tmp
c:\users\алехандро\desktop\alexprojects\algorithmicproject\x64\debug\esp8afe.tmp
c:\users\алехандро\desktop\alexprojects\algorithmicproject\x64\debug\esp9c77.tmp
c:\users\алехандро\desktop\alexprojects\algorithmicproject\x64\debug\espa2da.tmp
c:\users\алехандро\desktop\alexprojects\algorithmicproject\x64\debug\espba30.tmp
c:\users\алехандро\desktop\alexprojects\algorithmicproject\x64\debug\espc1da.tmp
c:\users\алехандро\desktop\alexprojects\algorithmicproject\x64\debug\espc57e.tmp
c:\users\алехандро\desktop\alexprojects\algorithmicproject\x64\debug\espd970.tmp
c:\users\алехандро\desktop\alexprojects\algorithmicproject\x64\debug\espde66.tmp
c:\users\алехандро\desktop\alexprojects\algorithmicproject\x64\debug\espeb1b.tmp
c:\users\алехандро\desktop\alexprojects\algorithmicproject\x64\debug\espebb6.tmp
c:\users\алехандро\desktop\alexprojects\algorithmicproject\x64\debug\espee6a.tmp
c:\users\алехандро\desktop\alexprojects\algorithmicproject\x64\debug\vc142.pdb
c:\users\алехандро\desktop\alexprojects\algorithmicproject\x64\debug\algoritmicproject.nativecodeanalysis.xml
c:\users\алехандро\desktop\alexprojects\algorithmicproject\x64\debug\vc.nativecodeanalysis.all.xml
c:\users\алехандро\desktop\alexprojects\algorithmicproject\x64\debug\algoritm.412a3364.tlog\cl.command.1.tlog
c:\users\алехандро\desktop\alexprojects\algorithmicproject\x64\debug\algoritm.412a3364.tlog\link.command.1.tlog
c:\users\алехандро\desktop\alexprojects\algorithmicproject\x64\debug\algoritm.412a3364.tlog\link.read.1.tlog
c:\users\алехандро\desktop\alexprojects\algorithmicproject\x64\debug\algoritm.412a3364.tlog\link.write.1.tlog
