  AlgoritmicProject.cpp
C:\Users\Алехандро\Desktop\AlexProjects\ALGORITHMICPROJECT\Stuck.h(1008,27): warning C4100: 'kOfPush': unreferenced formal parameter
C:\Users\Алехандро\Desktop\AlexProjects\ALGORITHMICPROJECT\Array.cpp(2,1): warning C4010: single-line comment contains line-continuation character
C:\Users\Алехандро\Desktop\AlexProjects\ALGORITHMICPROJECT\Array.cpp(384,1): warning C4005: 'POSINFO': macro redefinition
C:\Users\Алехандро\Desktop\AlexProjects\ALGORITHMICPROJECT\Stuck.h(25): message : see previous definition of 'POSINFO'
C:\Users\Алехандро\Desktop\AlexProjects\ALGORITHMICPROJECT\Array.cpp(407,1): warning C4005: '$': macro redefinition
C:\Users\Алехандро\Desktop\AlexProjects\ALGORITHMICPROJECT\TXLib.h(15477): message : see previous definition of '$'
C:\Users\Алехандро\Desktop\AlexProjects\ALGORITHMICPROJECT\Array.cpp(416,33): warning C4100: 'argv': unreferenced formal parameter
C:\Users\Алехандро\Desktop\AlexProjects\ALGORITHMICPROJECT\Array.cpp(416,15): warning C4100: 'argc': unreferenced formal parameter
C:\Users\Алехандро\Desktop\AlexProjects\ALGORITHMICPROJECT\Array.cpp(777,8): warning C4189: 'newArr': local variable is initialized but not referenced
C:\Users\Алехандро\Desktop\AlexProjects\ALGORITHMICPROJECT\Array.cpp(788,34): warning C4100: 'len': unreferenced formal parameter
C:\Users\Алехандро\Desktop\AlexProjects\ALGORITHMICPROJECT\Array.cpp(788,23): warning C4100: 'arr': unreferenced formal parameter
C:\Users\Алехандро\Desktop\AlexProjects\ALGORITHMICPROJECT\Array.cpp(797,6): warning C4189: 'lastI': local variable is initialized but not referenced
C:\Users\Алехандро\Desktop\AlexProjects\ALGORITHMICPROJECT\Array.cpp(949,8): warning C4189: 'finalMerge': local variable is initialized but not referenced
C:\Users\Алехандро\Desktop\AlexProjects\ALGORITHMICPROJECT\Array.cpp(1024,32): warning C4390: ';': empty controlled statement found; is this the intent?
C:\Users\Алехандро\Desktop\AlexProjects\ALGORITHMICPROJECT\Array.cpp(1043,32): warning C4390: ';': empty controlled statement found; is this the intent?
C:\Users\Алехандро\Desktop\AlexProjects\ALGORITHMICPROJECT\Array.cpp(1388,2): warning C4456: declaration of 'arr' hides previous local declaration
C:\Users\Алехандро\Desktop\AlexProjects\ALGORITHMICPROJECT\Array.cpp(1359,6): message : see declaration of 'arr'
C:\Users\Алехандро\Desktop\AlexProjects\ALGORITHMICPROJECT\Array.cpp(1389,2): warning C4456: declaration of 'arr' hides previous local declaration
C:\Users\Алехандро\Desktop\AlexProjects\ALGORITHMICPROJECT\Array.cpp(1359,6): message : see declaration of 'arr'
C:\Users\Алехандро\Desktop\AlexProjects\ALGORITHMICPROJECT\Array.cpp(1390,2): warning C4456: declaration of 'arr' hides previous local declaration
C:\Users\Алехандро\Desktop\AlexProjects\ALGORITHMICPROJECT\Array.cpp(1359,6): message : see declaration of 'arr'
C:\Users\Алехандро\Desktop\AlexProjects\ALGORITHMICPROJECT\Array.cpp(1391,2): warning C4456: declaration of 'arr' hides previous local declaration
C:\Users\Алехандро\Desktop\AlexProjects\ALGORITHMICPROJECT\Array.cpp(1359,6): message : see declaration of 'arr'
C:\Users\Алехандро\Desktop\AlexProjects\ALGORITHMICPROJECT\Array.cpp(1392,2): warning C4456: declaration of 'arr' hides previous local declaration
C:\Users\Алехандро\Desktop\AlexProjects\ALGORITHMICPROJECT\Array.cpp(1359,6): message : see declaration of 'arr'
C:\Users\Алехандро\Desktop\AlexProjects\ALGORITHMICPROJECT\Array.cpp(1393,2): warning C4456: declaration of 'arr' hides previous local declaration
C:\Users\Алехандро\Desktop\AlexProjects\ALGORITHMICPROJECT\Array.cpp(1359,6): message : see declaration of 'arr'
C:\Users\Алехандро\Desktop\AlexProjects\ALGORITHMICPROJECT\Array.cpp(1502,32): warning C4100: 'len': unreferenced formal parameter
C:\Users\Алехандро\Desktop\AlexProjects\ALGORITHMICPROJECT\Array.cpp(1739,15): warning C4244: 'return': conversion from 'double' to 'int', possible loss of data
C:\Users\Алехандро\Desktop\AlexProjects\ALGORITHMICPROJECT\Array.cpp(2254,13): warning C4244: 'initializing': conversion from 'double' to 'int', possible loss of data
C:\Users\Алехандро\Desktop\AlexProjects\ALGORITHMICPROJECT\Structure.cpp(13,34): warning C4100: 'argv': unreferenced formal parameter
C:\Users\Алехандро\Desktop\AlexProjects\ALGORITHMICPROJECT\Structure.cpp(13,16): warning C4100: 'argc': unreferenced formal parameter
C:\Users\Алехандро\Desktop\AlexProjects\ALGORITHMICPROJECT\Array.cpp(143): warning C4717: 'operator!=': recursive on all control paths, function will cause runtime stack overflow
C:\Users\Алехандро\Desktop\AlexProjects\ALGORITHMICPROJECT\Array.cpp(153): warning C4717: 'operator==': recursive on all control paths, function will cause runtime stack overflow
C:\Users\Алехандро\Desktop\AlexProjects\ALGORITHMICPROJECT\Array.cpp(1951): warning C4702: unreachable code
  AlgoritmicProject.vcxproj -> C:\Users\Алехандро\Desktop\AlexProjects\ALGORITHMICPROJECT\x64\Debug\AlgoritmicProject.exe
C:\Users\Алехандро\Desktop\AlexProjects\ALGORITHMICPROJECT\Stuck.h(189): warning C26496: The variable 'lastNum' is assigned only once, mark it as const (con.4).
C:\Users\Алехандро\Desktop\AlexProjects\ALGORITHMICPROJECT\Stuck.h(190): warning C26496: The variable 'prelastNum' is assigned only once, mark it as const (con.4).
C:\Users\Алехандро\Desktop\AlexProjects\ALGORITHMICPROJECT\Stuck.h(189): warning C26482: Only index into arrays using constant expressions (bounds.2).
C:\Users\Алехандро\Desktop\AlexProjects\ALGORITHMICPROJECT\Stuck.h(190): warning C26482: Only index into arrays using constant expressions (bounds.2).
C:\Users\Алехандро\Desktop\AlexProjects\ALGORITHMICPROJECT\Stuck.h(189): warning C26446: Prefer to use gsl::at() instead of unchecked subscript operator (bounds.4).
C:\Users\Алехандро\Desktop\AlexProjects\ALGORITHMICPROJECT\Stuck.h(190): warning C26446: Prefer to use gsl::at() instead of unchecked subscript operator (bounds.4).
C:\Users\Алехандро\Desktop\AlexProjects\ALGORITHMICPROJECT\Stuck.h(206): warning C26496: The variable 'lastNum' is assigned only once, mark it as const (con.4).
C:\Users\Алехандро\Desktop\AlexProjects\ALGORITHMICPROJECT\Stuck.h(207): warning C26496: The variable 'prelastNum' is assigned only once, mark it as const (con.4).
C:\Users\Алехандро\Desktop\AlexProjects\ALGORITHMICPROJECT\Stuck.h(206): warning C26482: Only index into arrays using constant expressions (bounds.2).
C:\Users\Алехандро\Desktop\AlexProjects\ALGORITHMICPROJECT\Stuck.h(207): warning C26482: Only index into arrays using constant expressions (bounds.2).
C:\Users\Алехандро\Desktop\AlexProjects\ALGORITHMICPROJECT\Stuck.h(206): warning C26446: Prefer to use gsl::at() instead of unchecked subscript operator (bounds.4).
C:\Users\Алехандро\Desktop\AlexProjects\ALGORITHMICPROJECT\Stuck.h(207): warning C26446: Prefer to use gsl::at() instead of unchecked subscript operator (bounds.4).
C:\Users\Алехандро\Desktop\AlexProjects\ALGORITHMICPROJECT\Stuck.h(223): warning C26496: The variable 'lastNum' is assigned only once, mark it as const (con.4).
C:\Users\Алехандро\Desktop\AlexProjects\ALGORITHMICPROJECT\Stuck.h(224): warning C26496: The variable 'prelastNum' is assigned only once, mark it as const (con.4).
C:\Users\Алехандро\Desktop\AlexProjects\ALGORITHMICPROJECT\Stuck.h(223): warning C26482: Only index into arrays using constant expressions (bounds.2).
C:\Users\Алехандро\Desktop\AlexProjects\ALGORITHMICPROJECT\Stuck.h(224): warning C26482: Only index into arrays using constant expressions (bounds.2).
C:\Users\Алехандро\Desktop\AlexProjects\ALGORITHMICPROJECT\Stuck.h(223): warning C26446: Prefer to use gsl::at() instead of unchecked subscript operator (bounds.4).
C:\Users\Алехандро\Desktop\AlexProjects\ALGORITHMICPROJECT\Stuck.h(224): warning C26446: Prefer to use gsl::at() instead of unchecked subscript operator (bounds.4).
C:\Users\Алехандро\Desktop\AlexProjects\ALGORITHMICPROJECT\Stuck.h(240): warning C26496: The variable 'lastNum' is assigned only once, mark it as const (con.4).
C:\Users\Алехандро\Desktop\AlexProjects\ALGORITHMICPROJECT\Stuck.h(241): warning C26496: The variable 'prelastNum' is assigned only once, mark it as const (con.4).
C:\Users\Алехандро\Desktop\AlexProjects\ALGORITHMICPROJECT\Stuck.h(240): warning C26482: Only index into arrays using constant expressions (bounds.2).
C:\Users\Алехандро\Desktop\AlexProjects\ALGORITHMICPROJECT\Stuck.h(241): warning C26482: Only index into arrays using constant expressions (bounds.2).
C:\Users\Алехандро\Desktop\AlexProjects\ALGORITHMICPROJECT\Stuck.h(240): warning C26446: Prefer to use gsl::at() instead of unchecked subscript operator (bounds.4).
C:\Users\Алехандро\Desktop\AlexProjects\ALGORITHMICPROJECT\Stuck.h(241): warning C26446: Prefer to use gsl::at() instead of unchecked subscript operator (bounds.4).
C:\Users\Алехандро\Desktop\AlexProjects\ALGORITHMICPROJECT\Stuck.h(278): warning C26440: Function 'Stack::unittestHash' can be declared 'noexcept' (f.6).
C:\Users\Алехандро\Desktop\AlexProjects\ALGORITHMICPROJECT\Stuck.h(305): warning C26440: Function 'Stack::unittestCanary' can be declared 'noexcept' (f.6).
C:\Users\Алехандро\Desktop\AlexProjects\ALGORITHMICPROJECT\Stuck.h(157): warning C26814: The const variable 'Stack::firstCanary' can be computed at compile-time. Consider using constexpr (con.5).
C:\Users\Алехандро\Desktop\AlexProjects\ALGORITHMICPROJECT\Stuck.h(163): warning C26814: The const variable 'Stack::addPrintSize' can be computed at compile-time. Consider using constexpr (con.5).
C:\Users\Алехандро\Desktop\AlexProjects\ALGORITHMICPROJECT\Stuck.h(178): warning C26814: The const variable 'Stack::lastCanary' can be computed at compile-time. Consider using constexpr (con.5).
C:\Users\Алехандро\Desktop\AlexProjects\ALGORITHMICPROJECT\Stuck.h(358): warning C26496: The variable 'oldHash' is assigned only once, mark it as const (con.4).
C:\Users\Алехандро\Desktop\AlexProjects\ALGORITHMICPROJECT\Stuck.h(373): warning C26496: The variable 'hashCopy' is assigned only once, mark it as const (con.4).
C:\Users\Алехандро\Desktop\AlexProjects\ALGORITHMICPROJECT\Stuck.h(375): warning C26496: The variable 'newHash' is assigned only once, mark it as const (con.4).
C:\Users\Алехандро\Desktop\AlexProjects\ALGORITHMICPROJECT\Stuck.h(460): warning C6386: Buffer overrun while writing to 'this->stack':  the writable size is '20' bytes, but 'lastPos' bytes might be written.
C:\Users\Алехандро\Desktop\AlexProjects\ALGORITHMICPROJECT\Stuck.h(76): warning C26814: The const variable 'PositionInfo::line' can be computed at compile-time. Consider using constexpr (con.5).
C:\Users\Алехандро\Desktop\AlexProjects\ALGORITHMICPROJECT\Stuck.h(460): warning C26482: Only index into arrays using constant expressions (bounds.2).
C:\Users\Алехандро\Desktop\AlexProjects\ALGORITHMICPROJECT\Stuck.h(460): warning C26446: Prefer to use gsl::at() instead of unchecked subscript operator (bounds.4).
C:\Users\Алехандро\Desktop\AlexProjects\ALGORITHMICPROJECT\Stuck.h(489): warning C26482: Only index into arrays using constant expressions (bounds.2).
C:\Users\Алехандро\Desktop\AlexProjects\ALGORITHMICPROJECT\Stuck.h(489): warning C26446: Prefer to use gsl::at() instead of unchecked subscript operator (bounds.4).
C:\Users\Алехандро\Desktop\AlexProjects\ALGORITHMICPROJECT\Stuck.h(588): warning C26496: The variable 'errorCode' is assigned only once, mark it as const (con.4).
C:\Users\Алехандро\Desktop\AlexProjects\ALGORITHMICPROJECT\Stuck.h(632): warning C26485: Expression 'this->stack': No array to pointer decay (bounds.3).
C:\Users\Алехандро\Desktop\AlexProjects\ALGORITHMICPROJECT\Stuck.h(653): warning C26482: Only index into arrays using constant expressions (bounds.2).
C:\Users\Алехандро\Desktop\AlexProjects\ALGORITHMICPROJECT\Stuck.h(657): warning C26482: Only index into arrays using constant expressions (bounds.2).
C:\Users\Алехандро\Desktop\AlexProjects\ALGORITHMICPROJECT\Stuck.h(591): warning C26818: Switch statement does not cover all cases. Consider adding a 'default' label (es.79).
C:\Users\Алехандро\Desktop\AlexProjects\ALGORITHMICPROJECT\Stuck.h(653): warning C26446: Prefer to use gsl::at() instead of unchecked subscript operator (bounds.4).
C:\Users\Алехандро\Desktop\AlexProjects\ALGORITHMICPROJECT\Stuck.h(657): warning C26446: Prefer to use gsl::at() instead of unchecked subscript operator (bounds.4).
C:\Users\Алехандро\Desktop\AlexProjects\ALGORITHMICPROJECT\Stuck.h(723): warning C26496: The variable 'lastBit' is assigned only once, mark it as const (con.4).
C:\Users\Алехандро\Desktop\AlexProjects\ALGORITHMICPROJECT\Stuck.h(716): warning C26429: Symbol 'addr' is never tested for nullness, it can be marked as not_null (f.23).
C:\Users\Алехандро\Desktop\AlexProjects\ALGORITHMICPROJECT\Stuck.h(716): warning C26493: Don't use C-style casts (type.4).
C:\Users\Алехандро\Desktop\AlexProjects\ALGORITHMICPROJECT\Stuck.h(721): warning C26481: Don't use pointer arithmetic. Use span instead (bounds.1).
C:\Users\Алехандро\Desktop\AlexProjects\ALGORITHMICPROJECT\Stuck.h(700): warning C26440: Function 'hashCalc' can be declared 'noexcept' (f.6).
C:\Users\Алехандро\Desktop\AlexProjects\ALGORITHMICPROJECT\Stuck.h(766): warning C26497: The function 'hashing2' could be marked constexpr if compile-time evaluation is desired (f.4).
C:\Users\Алехандро\Desktop\AlexProjects\ALGORITHMICPROJECT\Stuck.h(766): warning C26440: Function 'hashing2' can be declared 'noexcept' (f.6).
C:\Users\Алехандро\Desktop\AlexProjects\ALGORITHMICPROJECT\Stuck.h(873): warning C26493: Don't use C-style casts (type.4).
C:\Users\Алехандро\Desktop\AlexProjects\ALGORITHMICPROJECT\Stuck.h(871): warning C26440: Function 'setConsoleColor' can be declared 'noexcept' (f.6).
C:\Users\Алехандро\Desktop\AlexProjects\ALGORITHMICPROJECT\Stuck.h(883): warning C26440: Function 'clearConsoleColor' can be declared 'noexcept' (f.6).
C:\Users\Алехандро\Desktop\AlexProjects\ALGORITHMICPROJECT\Stuck.h(912): warning C26482: Only index into arrays using constant expressions (bounds.2).
C:\Users\Алехандро\Desktop\AlexProjects\ALGORITHMICPROJECT\Stuck.h(912): warning C26446: Prefer to use gsl::at() instead of unchecked subscript operator (bounds.4).
C:\Users\Алехандро\Desktop\AlexProjects\ALGORITHMICPROJECT\Stuck.h(946): warning C26496: The variable 'copy' is assigned only once, mark it as const (con.4).
C:\Users\Алехандро\Desktop\AlexProjects\ALGORITHMICPROJECT\Stuck.h(946): warning C26482: Only index into arrays using constant expressions (bounds.2).
C:\Users\Алехандро\Desktop\AlexProjects\ALGORITHMICPROJECT\Stuck.h(947): warning C26482: Only index into arrays using constant expressions (bounds.2).
C:\Users\Алехандро\Desktop\AlexProjects\ALGORITHMICPROJECT\Stuck.h(948): warning C26482: Only index into arrays using constant expressions (bounds.2).
C:\Users\Алехандро\Desktop\AlexProjects\ALGORITHMICPROJECT\Stuck.h(946): warning C26446: Prefer to use gsl::at() instead of unchecked subscript operator (bounds.4).
C:\Users\Алехандро\Desktop\AlexProjects\ALGORITHMICPROJECT\Stuck.h(947): warning C26446: Prefer to use gsl::at() instead of unchecked subscript operator (bounds.4).
C:\Users\Алехандро\Desktop\AlexProjects\ALGORITHMICPROJECT\Stuck.h(947): warning C26446: Prefer to use gsl::at() instead of unchecked subscript operator (bounds.4).
C:\Users\Алехандро\Desktop\AlexProjects\ALGORITHMICPROJECT\Stuck.h(948): warning C26446: Prefer to use gsl::at() instead of unchecked subscript operator (bounds.4).
C:\Users\Алехандро\Desktop\AlexProjects\ALGORITHMICPROJECT\Stuck.h(1044): warning C26429: Symbol 'text' is never tested for nullness, it can be marked as not_null (f.23).
C:\Users\Алехандро\Desktop\AlexProjects\ALGORITHMICPROJECT\Stuck.h(1057): warning C26493: Don't use C-style casts (type.4).
c:\users\алехандро\desktop\alexprojects\algorithmicproject\stuck.h(1044): warning C26485: Expression 'stat': No array to pointer decay (bounds.3).
C:\Users\Алехандро\Desktop\AlexProjects\ALGORITHMICPROJECT\Stuck.h(1052): warning C26481: Don't use pointer arithmetic. Use span instead (bounds.1).
C:\Users\Алехандро\Desktop\AlexProjects\ALGORITHMICPROJECT\Stuck.h(1056): warning C26481: Don't use pointer arithmetic. Use span instead (bounds.1).
C:\Users\Алехандро\Desktop\AlexProjects\ALGORITHMICPROJECT\Stuck.h(1057): warning C26481: Don't use pointer arithmetic. Use span instead (bounds.1).
C:\Users\Алехандро\Desktop\AlexProjects\ALGORITHMICPROJECT\Stuck.h(1063): warning C26481: Don't use pointer arithmetic. Use span instead (bounds.1).
C:\Users\Алехандро\Desktop\AlexProjects\ALGORITHMICPROJECT\Stuck.h(1065): warning C26481: Don't use pointer arithmetic. Use span instead (bounds.1).
C:\Users\Алехандро\Desktop\AlexProjects\ALGORITHMICPROJECT\Stuck.h(1044): warning C26440: Function 'statText' can be declared 'noexcept' (f.6).
C:\Users\Алехандро\Desktop\AlexProjects\ALGORITHMICPROJECT\Stuck.h(1092): warning C6340: Mismatch on sign: 'unsigned int' passed as _Param_(2) when some signed type is required in call to 'printf'.
C:\Users\Алехандро\Desktop\AlexProjects\ALGORITHMICPROJECT\Stuck.h(1086): warning C26440: Function 'tenTo2' can be declared 'noexcept' (f.6).
C:\Users\Алехандро\Desktop\AlexProjects\ALGORITHMICPROJECT\Stuck.h(1131): warning C26496: The variable 'readRights' is assigned only once, mark it as const (con.4).
C:\Users\Алехандро\Desktop\AlexProjects\ALGORITHMICPROJECT\Stuck.h(1125): warning C26440: Function 'checkPtr' can be declared 'noexcept' (f.6).
C:\Users\Алехандро\Desktop\AlexProjects\ALGORITHMICPROJECT\Lib\Q_Locale.h(18): warning C26440: Function 'setRussianLocale' can be declared 'noexcept' (f.6).
C:\Users\Алехандро\Desktop\AlexProjects\ALGORITHMICPROJECT\TXLib.h(6714): warning C26819: Unannotated fallthrough between switch labels (es.78).
C:\Users\Алехандро\Desktop\AlexProjects\ALGORITHMICPROJECT\TXLib.h(8763): warning C26819: Unannotated fallthrough between switch labels (es.78).
C:\Users\Алехандро\Desktop\AlexProjects\ALGORITHMICPROJECT\Q_Vector.h(26): warning C26440: Function 'operator*' can be declared 'noexcept' (f.6).
C:\Users\Алехандро\Desktop\AlexProjects\ALGORITHMICPROJECT\Q_Vector.h(35): warning C26440: Function 'operator/' can be declared 'noexcept' (f.6).
C:\Users\Алехандро\Desktop\AlexProjects\ALGORITHMICPROJECT\Q_Vector.h(44): warning C26440: Function 'operator+' can be declared 'noexcept' (f.6).
C:\Users\Алехандро\Desktop\AlexProjects\ALGORITHMICPROJECT\Q_Vector.h(53): warning C26440: Function 'operator-' can be declared 'noexcept' (f.6).
C:\Users\Алехандро\Desktop\AlexProjects\ALGORITHMICPROJECT\Q_Vector.h(59): warning C26440: Function 'operator+=' can be declared 'noexcept' (f.6).
C:\Users\Алехандро\Desktop\AlexProjects\ALGORITHMICPROJECT\Q_Vector.h(73): warning C26440: Function 'operator*=' can be declared 'noexcept' (f.6).
C:\Users\Алехандро\Desktop\AlexProjects\ALGORITHMICPROJECT\Q_Vector.h(80): warning C26440: Function 'operator/' can be declared 'noexcept' (f.6).
C:\Users\Алехандро\Desktop\AlexProjects\ALGORITHMICPROJECT\Q_Vector.h(87): warning C26440: Function 'operator^' can be declared 'noexcept' (f.6).
C:\Users\Алехандро\Desktop\AlexProjects\ALGORITHMICPROJECT\Q_Vector.h(99): warning C26440: Function 'lining' can be declared 'noexcept' (f.6).
C:\Users\Алехандро\Desktop\AlexProjects\ALGORITHMICPROJECT\Q_Vector.h(104): warning C26440: Function 'operator>' can be declared 'noexcept' (f.6).
C:\Users\Алехандро\Desktop\AlexProjects\ALGORITHMICPROJECT\Q_Vector.h(118): warning C26440: Function 'operator<' can be declared 'noexcept' (f.6).
C:\Users\Алехандро\Desktop\AlexProjects\ALGORITHMICPROJECT\Q_Vector.h(132): warning C26440: Function 'Vector::operator double' can be declared 'noexcept' (f.6).
C:\Users\Алехандро\Desktop\AlexProjects\ALGORITHMICPROJECT\Q_CoordinatSystem.h(25): warning C26440: Function 'Rect::left' can be declared 'noexcept' (f.6).
C:\Users\Алехандро\Desktop\AlexProjects\ALGORITHMICPROJECT\Q_CoordinatSystem.h(26): warning C26440: Function 'Rect::top' can be declared 'noexcept' (f.6).
C:\Users\Алехандро\Desktop\AlexProjects\ALGORITHMICPROJECT\Q_CoordinatSystem.h(27): warning C26440: Function 'Rect::right' can be declared 'noexcept' (f.6).
C:\Users\Алехандро\Desktop\AlexProjects\ALGORITHMICPROJECT\Q_CoordinatSystem.h(28): warning C26440: Function 'Rect::bottom' can be declared 'noexcept' (f.6).
C:\Users\Алехандро\Desktop\AlexProjects\ALGORITHMICPROJECT\Q_CoordinatSystem.h(61): warning C26495: Variable 'coordinatSys::scalePix_' is uninitialized. Always initialize a member variable (type.6).
C:\Users\Алехандро\Desktop\AlexProjects\ALGORITHMICPROJECT\Q_CoordinatSystem.h(61): warning C26440: Function 'coordinatSys::coordinatSys' can be declared 'noexcept' (f.6).
C:\Users\Алехандро\Desktop\AlexProjects\ALGORITHMICPROJECT\Q_CoordinatSystem.h(70): warning C26493: Don't use C-style casts (type.4).
C:\Users\Алехандро\Desktop\AlexProjects\ALGORITHMICPROJECT\Q_CoordinatSystem.h(70): warning C26493: Don't use C-style casts (type.4).
C:\Users\Алехандро\Desktop\AlexProjects\ALGORITHMICPROJECT\Q_CoordinatSystem.h(72): warning C26493: Don't use C-style casts (type.4).
C:\Users\Алехандро\Desktop\AlexProjects\ALGORITHMICPROJECT\Q_CoordinatSystem.h(72): warning C26493: Don't use C-style casts (type.4).
C:\Users\Алехандро\Desktop\AlexProjects\ALGORITHMICPROJECT\Q_CoordinatSystem.h(71): warning C26493: Don't use C-style casts (type.4).
C:\Users\Алехандро\Desktop\AlexProjects\ALGORITHMICPROJECT\Q_CoordinatSystem.h(71): warning C26493: Don't use C-style casts (type.4).
C:\Users\Алехандро\Desktop\AlexProjects\ALGORITHMICPROJECT\Q_CoordinatSystem.h(73): warning C26493: Don't use C-style casts (type.4).
C:\Users\Алехандро\Desktop\AlexProjects\ALGORITHMICPROJECT\Q_CoordinatSystem.h(73): warning C26493: Don't use C-style casts (type.4).
C:\Users\Алехандро\Desktop\AlexProjects\ALGORITHMICPROJECT\Q_CoordinatSystem.h(68): warning C26455: Default constructor may not throw. Declare it 'noexcept' (f.6).
C:\Users\Алехандро\Desktop\AlexProjects\ALGORITHMICPROJECT\Q_CoordinatSystem.h(111): warning C26496: The variable 'startLPixPos' is assigned only once, mark it as const (con.4).
C:\Users\Алехандро\Desktop\AlexProjects\ALGORITHMICPROJECT\Q_CoordinatSystem.h(113): warning C26496: The variable 'finishLPixPos' is assigned only once, mark it as const (con.4).
C:\Users\Алехандро\Desktop\AlexProjects\ALGORITHMICPROJECT\Q_CoordinatSystem.h(162): warning C26496: The variable 'rScale' is assigned only once, mark it as const (con.4).
C:\Users\Алехандро\Desktop\AlexProjects\ALGORITHMICPROJECT\Q_CoordinatSystem.h(211): warning C26485: Expression 'text': No array to pointer decay (bounds.3).
C:\Users\Алехандро\Desktop\AlexProjects\ALGORITHMICPROJECT\Q_CoordinatSystem.h(215): warning C26485: Expression 'text': No array to pointer decay (bounds.3).
C:\Users\Алехандро\Desktop\AlexProjects\ALGORITHMICPROJECT\Q_CoordinatSystem.h(220): warning C26485: Expression 'text': No array to pointer decay (bounds.3).
C:\Users\Алехандро\Desktop\AlexProjects\ALGORITHMICPROJECT\Q_CoordinatSystem.h(230): warning C26485: Expression 'text': No array to pointer decay (bounds.3).
C:\Users\Алехандро\Desktop\AlexProjects\ALGORITHMICPROJECT\Q_CoordinatSystem.h(233): warning C26485: Expression 'text': No array to pointer decay (bounds.3).
C:\Users\Алехандро\Desktop\AlexProjects\ALGORITHMICPROJECT\Q_CoordinatSystem.h(239): warning C26485: Expression 'text': No array to pointer decay (bounds.3).
C:\Users\Алехандро\Desktop\AlexProjects\ALGORITHMICPROJECT\Q_CoordinatSystem.h(250): warning C26496: The variable 'perpendicular1' is assigned only once, mark it as const (con.4).
C:\Users\Алехандро\Desktop\AlexProjects\ALGORITHMICPROJECT\Q_CoordinatSystem.h(251): warning C26496: The variable 'perpendicular2' is assigned only once, mark it as const (con.4).
C:\Users\Алехандро\Desktop\AlexProjects\ALGORITHMICPROJECT\Q_CoordinatSystem.h(253): warning C26496: The variable 'arrow1' is assigned only once, mark it as const (con.4).
C:\Users\Алехандро\Desktop\AlexProjects\ALGORITHMICPROJECT\Q_CoordinatSystem.h(254): warning C26496: The variable 'arrow2' is assigned only once, mark it as const (con.4).
C:\Users\Алехандро\Desktop\AlexProjects\ALGORITHMICPROJECT\Q_CoordinatSystem.h(256): warning C26496: The variable 'arrow1finishPoint' is assigned only once, mark it as const (con.4).
C:\Users\Алехандро\Desktop\AlexProjects\ALGORITHMICPROJECT\Q_CoordinatSystem.h(257): warning C26496: The variable 'arrow2finishPoint' is assigned only once, mark it as const (con.4).
C:\Users\Алехандро\Desktop\AlexProjects\ALGORITHMICPROJECT\Q_CoordinatSystem.h(263): warning C26440: Function 'makePerpendikularLine' can be declared 'noexcept' (f.6).
C:\Users\Алехандро\Desktop\AlexProjects\ALGORITHMICPROJECT\Q_CoordinatSystem.h(296): warning C26496: The variable 'exp' is assigned only once, mark it as const (con.4).
C:\Users\Алехандро\Desktop\AlexProjects\ALGORITHMICPROJECT\Q_CoordinatSystem.h(273): warning C26440: Function 'humanRound' can be declared 'noexcept' (f.6).
C:\Users\Алехандро\Desktop\AlexProjects\ALGORITHMICPROJECT\Array.cpp(32): warning C26440: Function 'MYINT::operator=' can be declared 'noexcept' (f.6).
C:\Users\Алехандро\Desktop\AlexProjects\ALGORITHMICPROJECT\Array.cpp(39): warning C26432: If you define or delete any default operation in the type 'struct MYINT', define or delete them all (c.21).
C:\Users\Алехандро\Desktop\AlexProjects\ALGORITHMICPROJECT\Array.cpp(39): warning C26440: Function 'MYINT::operator=' can be declared 'noexcept' (f.6).
C:\Users\Алехандро\Desktop\AlexProjects\ALGORITHMICPROJECT\Array.cpp(75): warning C26440: Function 'operator!=' can be declared 'noexcept' (f.6).
C:\Users\Алехандро\Desktop\AlexProjects\ALGORITHMICPROJECT\Array.cpp(85): warning C26440: Function 'operator==' can be declared 'noexcept' (f.6).
C:\Users\Алехандро\Desktop\AlexProjects\ALGORITHMICPROJECT\Array.cpp(95): warning C26440: Function 'operator>' can be declared 'noexcept' (f.6).
C:\Users\Алехандро\Desktop\AlexProjects\ALGORITHMICPROJECT\Array.cpp(105): warning C26440: Function 'operator>=' can be declared 'noexcept' (f.6).
C:\Users\Алехандро\Desktop\AlexProjects\ALGORITHMICPROJECT\Array.cpp(115): warning C26440: Function 'operator<' can be declared 'noexcept' (f.6).
C:\Users\Алехандро\Desktop\AlexProjects\ALGORITHMICPROJECT\Array.cpp(125): warning C26440: Function 'operator<=' can be declared 'noexcept' (f.6).
C:\Users\Алехандро\Desktop\AlexProjects\ALGORITHMICPROJECT\Array.cpp(155): warning C26440: Function 'operator>' can be declared 'noexcept' (f.6).
C:\Users\Алехандро\Desktop\AlexProjects\ALGORITHMICPROJECT\Array.cpp(165): warning C26440: Function 'operator>=' can be declared 'noexcept' (f.6).
C:\Users\Алехандро\Desktop\AlexProjects\ALGORITHMICPROJECT\Array.cpp(175): warning C26440: Function 'operator<' can be declared 'noexcept' (f.6).
C:\Users\Алехандро\Desktop\AlexProjects\ALGORITHMICPROJECT\Array.cpp(185): warning C26440: Function 'operator<=' can be declared 'noexcept' (f.6).
C:\Users\Алехандро\Desktop\AlexProjects\ALGORITHMICPROJECT\Array.cpp(196): warning C26440: Function 'operator!=' can be declared 'noexcept' (f.6).
C:\Users\Алехандро\Desktop\AlexProjects\ALGORITHMICPROJECT\Array.cpp(206): warning C26440: Function 'operator==' can be declared 'noexcept' (f.6).
C:\Users\Алехандро\Desktop\AlexProjects\ALGORITHMICPROJECT\Array.cpp(216): warning C26440: Function 'operator>' can be declared 'noexcept' (f.6).
C:\Users\Алехандро\Desktop\AlexProjects\ALGORITHMICPROJECT\Array.cpp(226): warning C26440: Function 'operator>=' can be declared 'noexcept' (f.6).
C:\Users\Алехандро\Desktop\AlexProjects\ALGORITHMICPROJECT\Array.cpp(236): warning C26440: Function 'operator<' can be declared 'noexcept' (f.6).
C:\Users\Алехандро\Desktop\AlexProjects\ALGORITHMICPROJECT\Array.cpp(246): warning C26440: Function 'operator<=' can be declared 'noexcept' (f.6).
C:\Users\Алехандро\Desktop\AlexProjects\ALGORITHMICPROJECT\Array.cpp(444): warning C26496: The variable 'conf' is assigned only once, mark it as const (con.4).
C:\Users\Алехандро\Desktop\AlexProjects\ALGORITHMICPROJECT\Array.cpp(459): warning C26496: The variable 'textStartPosLeft' is assigned only once, mark it as const (con.4).
c:\users\алехандро\desktop\alexprojects\algorithmicproject\array.cpp(416): warning C26485: Expression 'argv': No array to pointer decay (bounds.3).
C:\Users\Алехандро\Desktop\AlexProjects\ALGORITHMICPROJECT\Array.cpp(499): warning C26485: Expression 'arr': No array to pointer decay (bounds.3).
C:\Users\Алехандро\Desktop\AlexProjects\ALGORITHMICPROJECT\Array.cpp(502): warning C26485: Expression 'arr': No array to pointer decay (bounds.3).
C:\Users\Алехандро\Desktop\AlexProjects\ALGORITHMICPROJECT\Array.cpp(504): warning C26485: Expression 'arr': No array to pointer decay (bounds.3).
C:\Users\Алехандро\Desktop\AlexProjects\ALGORITHMICPROJECT\Array.cpp(506): warning C26485: Expression 'arr': No array to pointer decay (bounds.3).
C:\Users\Алехандро\Desktop\AlexProjects\ALGORITHMICPROJECT\Array.cpp(508): warning C26485: Expression 'arr': No array to pointer decay (bounds.3).
C:\Users\Алехандро\Desktop\AlexProjects\ALGORITHMICPROJECT\Array.cpp(510): warning C26485: Expression 'arr': No array to pointer decay (bounds.3).
C:\Users\Алехандро\Desktop\AlexProjects\ALGORITHMICPROJECT\Array.cpp(511): warning C26485: Expression 'arr': No array to pointer decay (bounds.3).
C:\Users\Алехандро\Desktop\AlexProjects\ALGORITHMICPROJECT\Array.cpp(512): warning C26485: Expression 'arr': No array to pointer decay (bounds.3).
C:\Users\Алехандро\Desktop\AlexProjects\ALGORITHMICPROJECT\Array.cpp(555): warning C26409: Avoid calling new and delete explicitly, use std::make_unique<T> instead (r.11).
C:\Users\Алехандро\Desktop\AlexProjects\ALGORITHMICPROJECT\Array.cpp(555): warning C26400: Do not assign the result of an allocation or a function call with an owner<T> return value to a raw pointer, use owner<T> instead (i.11).
C:\Users\Алехандро\Desktop\AlexProjects\ALGORITHMICPROJECT\Array.cpp(557): warning C26401: Do not delete a raw pointer that is not an owner<T> (i.11).
C:\Users\Алехандро\Desktop\AlexProjects\ALGORITHMICPROJECT\Array.cpp(557): warning C26409: Avoid calling new and delete explicitly, use std::make_unique<T> instead (r.11).
c:\users\алехандро\desktop\alexprojects\algorithmicproject\array.cpp(553): warning C26485: Expression 'arr': No array to pointer decay (bounds.3).
C:\Users\Алехандро\Desktop\AlexProjects\ALGORITHMICPROJECT\Array.cpp(562): warning C26496: The variable 'len' is assigned only once, mark it as const (con.4).
C:\Users\Алехандро\Desktop\AlexProjects\ALGORITHMICPROJECT\Array.cpp(560): warning C26429: Symbol 'arr' is never tested for nullness, it can be marked as not_null (f.23).
c:\users\алехандро\desktop\alexprojects\algorithmicproject\array.cpp(560): warning C26485: Expression 'arr': No array to pointer decay (bounds.3).
C:\Users\Алехандро\Desktop\AlexProjects\ALGORITHMICPROJECT\Array.cpp(574): warning C26481: Don't use pointer arithmetic. Use span instead (bounds.1).
C:\Users\Алехандро\Desktop\AlexProjects\ALGORITHMICPROJECT\Array.cpp(576): warning C26481: Don't use pointer arithmetic. Use span instead (bounds.1).
C:\Users\Алехандро\Desktop\AlexProjects\ALGORITHMICPROJECT\Array.cpp(582): warning C26481: Don't use pointer arithmetic. Use span instead (bounds.1).
C:\Users\Алехандро\Desktop\AlexProjects\ALGORITHMICPROJECT\Array.cpp(594): warning C26481: Don't use pointer arithmetic. Use span instead (bounds.1).
C:\Users\Алехандро\Desktop\AlexProjects\ALGORITHMICPROJECT\Array.cpp(602): warning C26481: Don't use pointer arithmetic. Use span instead (bounds.1).
C:\Users\Алехандро\Desktop\AlexProjects\ALGORITHMICPROJECT\Array.cpp(609): warning C26481: Don't use pointer arithmetic. Use span instead (bounds.1).
c:\users\алехандро\desktop\alexprojects\algorithmicproject\array.cpp(374): warning C26485: Expression 'arr': No array to pointer decay (bounds.3).
C:\Users\Алехандро\Desktop\AlexProjects\ALGORITHMICPROJECT\Array.cpp(707): warning C26496: The variable 'len' is assigned only once, mark it as const (con.4).
C:\Users\Алехандро\Desktop\AlexProjects\ALGORITHMICPROJECT\Array.cpp(710): warning C26496: The variable 'midIndex' is assigned only once, mark it as const (con.4).
C:\Users\Алехандро\Desktop\AlexProjects\ALGORITHMICPROJECT\Array.cpp(711): warning C26496: The variable 'midNum' is assigned only once, mark it as const (con.4).
C:\Users\Алехандро\Desktop\AlexProjects\ALGORITHMICPROJECT\Array.cpp(705): warning C26429: Symbol 'arr' is never tested for nullness, it can be marked as not_null (f.23).
c:\users\алехандро\desktop\alexprojects\algorithmicproject\array.cpp(375): warning C26485: Expression 'arr': No array to pointer decay (bounds.3).
C:\Users\Алехандро\Desktop\AlexProjects\ALGORITHMICPROJECT\Array.cpp(711): warning C26481: Don't use pointer arithmetic. Use span instead (bounds.1).
C:\Users\Алехандро\Desktop\AlexProjects\ALGORITHMICPROJECT\Array.cpp(723): warning C26481: Don't use pointer arithmetic. Use span instead (bounds.1).
C:\Users\Алехандро\Desktop\AlexProjects\ALGORITHMICPROJECT\Array.cpp(725): warning C26481: Don't use pointer arithmetic. Use span instead (bounds.1).
C:\Users\Алехандро\Desktop\AlexProjects\ALGORITHMICPROJECT\Array.cpp(734): warning C26481: Don't use pointer arithmetic. Use span instead (bounds.1).
C:\Users\Алехандро\Desktop\AlexProjects\ALGORITHMICPROJECT\Array.cpp(758): warning C26481: Don't use pointer arithmetic. Use span instead (bounds.1).
C:\Users\Алехандро\Desktop\AlexProjects\ALGORITHMICPROJECT\Array.cpp(742): warning C26481: Don't use pointer arithmetic. Use span instead (bounds.1).
C:\Users\Алехандро\Desktop\AlexProjects\ALGORITHMICPROJECT\Array.cpp(744): warning C26481: Don't use pointer arithmetic. Use span instead (bounds.1).
C:\Users\Алехандро\Desktop\AlexProjects\ALGORITHMICPROJECT\Array.cpp(750): warning C26481: Don't use pointer arithmetic. Use span instead (bounds.1).
C:\Users\Алехандро\Desktop\AlexProjects\ALGORITHMICPROJECT\Array.cpp(782): warning C6031: Return value ignored: '_getch'.
C:\Users\Алехандро\Desktop\AlexProjects\ALGORITHMICPROJECT\Array.cpp(777): warning C26462: The value pointed to by 'newArr' is assigned only once, mark it as a pointer to const (con.4).
C:\Users\Алехандро\Desktop\AlexProjects\ALGORITHMICPROJECT\Array.cpp(777): warning C26409: Avoid calling new and delete explicitly, use std::make_unique<T> instead (r.11).
C:\Users\Алехандро\Desktop\AlexProjects\ALGORITHMICPROJECT\Array.cpp(777): warning C26400: Do not assign the result of an allocation or a function call with an owner<T> return value to a raw pointer, use owner<T> instead (i.11).
C:\Users\Алехандро\Desktop\AlexProjects\ALGORITHMICPROJECT\Array.cpp(773): warning C26494: Variable 'arr' is uninitialized. Always initialize an object (type.5).
C:\Users\Алехандро\Desktop\AlexProjects\ALGORITHMICPROJECT\Array.cpp(776): warning C26485: Expression 'arr': No array to pointer decay (bounds.3).
C:\Users\Алехандро\Desktop\AlexProjects\ALGORITHMICPROJECT\Array.cpp(779): warning C26485: Expression 'arr': No array to pointer decay (bounds.3).
C:\Users\Алехандро\Desktop\AlexProjects\ALGORITHMICPROJECT\Array.cpp(781): warning C26485: Expression 'arr': No array to pointer decay (bounds.3).
c:\users\алехандро\desktop\alexprojects\algorithmicproject\array.cpp(788): warning C26485: Expression 'arr': No array to pointer decay (bounds.3).
C:\Users\Алехандро\Desktop\AlexProjects\ALGORITHMICPROJECT\Array.cpp(788): warning C26440: Function 'mergeSort' can be declared 'noexcept' (f.6).
C:\Users\Алехандро\Desktop\AlexProjects\ALGORITHMICPROJECT\Array.cpp(793): warning C26461: The pointer argument 'arr' for function 'merge' can be marked as a pointer to const (con.3).
C:\Users\Алехандро\Desktop\AlexProjects\ALGORITHMICPROJECT\Array.cpp(797): warning C26496: The variable 'lastI' is assigned only once, mark it as const (con.4).
C:\Users\Алехандро\Desktop\AlexProjects\ALGORITHMICPROJECT\Array.cpp(793): warning C26429: Symbol 'arr' is never tested for nullness, it can be marked as not_null (f.23).
c:\users\алехандро\desktop\alexprojects\algorithmicproject\array.cpp(793): warning C26485: Expression 'arr': No array to pointer decay (bounds.3).
C:\Users\Алехандро\Desktop\AlexProjects\ALGORITHMICPROJECT\Array.cpp(811): warning C26481: Don't use pointer arithmetic. Use span instead (bounds.1).
C:\Users\Алехандро\Desktop\AlexProjects\ALGORITHMICPROJECT\Array.cpp(816): warning C26481: Don't use pointer arithmetic. Use span instead (bounds.1).
C:\Users\Алехандро\Desktop\AlexProjects\ALGORITHMICPROJECT\Array.cpp(820): warning C26481: Don't use pointer arithmetic. Use span instead (bounds.1).
C:\Users\Алехандро\Desktop\AlexProjects\ALGORITHMICPROJECT\Array.cpp(820): warning C26481: Don't use pointer arithmetic. Use span instead (bounds.1).
C:\Users\Алехандро\Desktop\AlexProjects\ALGORITHMICPROJECT\Array.cpp(821): warning C26481: Don't use pointer arithmetic. Use span instead (bounds.1).
C:\Users\Алехандро\Desktop\AlexProjects\ALGORITHMICPROJECT\Array.cpp(876): warning C26429: Symbol 'arr' is never tested for nullness, it can be marked as not_null (f.23).
c:\users\алехандро\desktop\alexprojects\algorithmicproject\array.cpp(876): warning C26485: Expression 'arr': No array to pointer decay (bounds.3).
C:\Users\Алехандро\Desktop\AlexProjects\ALGORITHMICPROJECT\Array.cpp(878): warning C26481: Don't use pointer arithmetic. Use span instead (bounds.1).
C:\Users\Алехандро\Desktop\AlexProjects\ALGORITHMICPROJECT\Array.cpp(887): warning C26485: Expression 'arr': No array to pointer decay (bounds.3).
C:\Users\Алехандро\Desktop\AlexProjects\ALGORITHMICPROJECT\Array.cpp(888): warning C26485: Expression 'arr': No array to pointer decay (bounds.3).
C:\Users\Алехандро\Desktop\AlexProjects\ALGORITHMICPROJECT\Array.cpp(889): warning C26485: Expression 'arr': No array to pointer decay (bounds.3).
C:\Users\Алехандро\Desktop\AlexProjects\ALGORITHMICPROJECT\Array.cpp(890): warning C26485: Expression 'arr': No array to pointer decay (bounds.3).
C:\Users\Алехандро\Desktop\AlexProjects\ALGORITHMICPROJECT\Array.cpp(891): warning C26485: Expression 'arr': No array to pointer decay (bounds.3).
C:\Users\Алехандро\Desktop\AlexProjects\ALGORITHMICPROJECT\Array.cpp(949): warning C26496: The variable 'finalMerge' is assigned only once, mark it as const (con.4).
C:\Users\Алехандро\Desktop\AlexProjects\ALGORITHMICPROJECT\Array.cpp(900): warning C26409: Avoid calling new and delete explicitly, use std::make_unique<T> instead (r.11).
C:\Users\Алехандро\Desktop\AlexProjects\ALGORITHMICPROJECT\Array.cpp(900): warning C26400: Do not assign the result of an allocation or a function call with an owner<T> return value to a raw pointer, use owner<T> instead (i.11).
C:\Users\Алехандро\Desktop\AlexProjects\ALGORITHMICPROJECT\Array.cpp(898): warning C26429: Symbol 'arr' is never tested for nullness, it can be marked as not_null (f.23).
c:\users\алехандро\desktop\alexprojects\algorithmicproject\array.cpp(365): warning C26485: Expression 'arr': No array to pointer decay (bounds.3).
C:\Users\Алехандро\Desktop\AlexProjects\ALGORITHMICPROJECT\Array.cpp(926): warning C26481: Don't use pointer arithmetic. Use span instead (bounds.1).
C:\Users\Алехандро\Desktop\AlexProjects\ALGORITHMICPROJECT\Array.cpp(928): warning C26481: Don't use pointer arithmetic. Use span instead (bounds.1).
c:\users\алехандро\desktop\alexprojects\algorithmicproject\array.cpp(361): warning C26485: Expression 'arr': No array to pointer decay (bounds.3).
c:\users\алехандро\desktop\alexprojects\algorithmicproject\array.cpp(1039): warning C26485: Expression 'arr': No array to pointer decay (bounds.3).
C:\Users\Алехандро\Desktop\AlexProjects\ALGORITHMICPROJECT\Array.cpp(1120): warning C26496: The variable 'middle' is assigned only once, mark it as const (con.4).
C:\Users\Алехандро\Desktop\AlexProjects\ALGORITHMICPROJECT\Array.cpp(1058): warning C26429: Symbol 'newArr' is never tested for nullness, it can be marked as not_null (f.23).
c:\users\алехандро\desktop\alexprojects\algorithmicproject\array.cpp(370): warning C26485: Expression 'arr': No array to pointer decay (bounds.3).
C:\Users\Алехандро\Desktop\AlexProjects\ALGORITHMICPROJECT\Array.cpp(1143): warning C26481: Don't use pointer arithmetic. Use span instead (bounds.1).
C:\Users\Алехандро\Desktop\AlexProjects\ALGORITHMICPROJECT\Array.cpp(1149): warning C26481: Don't use pointer arithmetic. Use span instead (bounds.1).
C:\Users\Алехандро\Desktop\AlexProjects\ALGORITHMICPROJECT\Array.cpp(1154): warning C26481: Don't use pointer arithmetic. Use span instead (bounds.1).
C:\Users\Алехандро\Desktop\AlexProjects\ALGORITHMICPROJECT\Array.cpp(1156): warning C26481: Don't use pointer arithmetic. Use span instead (bounds.1).
C:\Users\Алехандро\Desktop\AlexProjects\ALGORITHMICPROJECT\Array.cpp(1161): warning C26481: Don't use pointer arithmetic. Use span instead (bounds.1).
C:\Users\Алехандро\Desktop\AlexProjects\ALGORITHMICPROJECT\Array.cpp(1170): warning C26481: Don't use pointer arithmetic. Use span instead (bounds.1).
C:\Users\Алехандро\Desktop\AlexProjects\ALGORITHMICPROJECT\Array.cpp(1269): warning C26496: The variable 'middle' is assigned only once, mark it as const (con.4).
C:\Users\Алехандро\Desktop\AlexProjects\ALGORITHMICPROJECT\Array.cpp(1207): warning C26429: Symbol 'newArr' is never tested for nullness, it can be marked as not_null (f.23).
c:\users\алехандро\desktop\alexprojects\algorithmicproject\array.cpp(371): warning C26485: Expression 'arr': No array to pointer decay (bounds.3).
C:\Users\Алехандро\Desktop\AlexProjects\ALGORITHMICPROJECT\Array.cpp(1292): warning C26481: Don't use pointer arithmetic. Use span instead (bounds.1).
C:\Users\Алехандро\Desktop\AlexProjects\ALGORITHMICPROJECT\Array.cpp(1298): warning C26481: Don't use pointer arithmetic. Use span instead (bounds.1).
C:\Users\Алехандро\Desktop\AlexProjects\ALGORITHMICPROJECT\Array.cpp(1303): warning C26481: Don't use pointer arithmetic. Use span instead (bounds.1).
C:\Users\Алехандро\Desktop\AlexProjects\ALGORITHMICPROJECT\Array.cpp(1305): warning C26481: Don't use pointer arithmetic. Use span instead (bounds.1).
C:\Users\Алехандро\Desktop\AlexProjects\ALGORITHMICPROJECT\Array.cpp(1310): warning C26481: Don't use pointer arithmetic. Use span instead (bounds.1).
C:\Users\Алехандро\Desktop\AlexProjects\ALGORITHMICPROJECT\Array.cpp(1318): warning C26481: Don't use pointer arithmetic. Use span instead (bounds.1).
C:\Users\Алехандро\Desktop\AlexProjects\ALGORITHMICPROJECT\Array.cpp(1207): warning C26440: Function 'merge' can be declared 'noexcept' (f.6).
C:\Users\Алехандро\Desktop\AlexProjects\ALGORITHMICPROJECT\Array.cpp(1388): warning C6246: Local declaration of 'arr' hides declaration of the same name in outer scope. For additional information, see previous declaration at line '1359' of 'c:\users\алехандро\desktop\alexprojects\algorithmicproject\array.cpp'.
C:\Users\Алехандро\Desktop\AlexProjects\ALGORITHMICPROJECT\Array.cpp(1389): warning C6246: Local declaration of 'arr' hides declaration of the same name in outer scope. For additional information, see previous declaration at line '1359' of 'c:\users\алехандро\desktop\alexprojects\algorithmicproject\array.cpp'.
C:\Users\Алехандро\Desktop\AlexProjects\ALGORITHMICPROJECT\Array.cpp(1390): warning C6246: Local declaration of 'arr' hides declaration of the same name in outer scope. For additional information, see previous declaration at line '1359' of 'c:\users\алехандро\desktop\alexprojects\algorithmicproject\array.cpp'.
C:\Users\Алехандро\Desktop\AlexProjects\ALGORITHMICPROJECT\Array.cpp(1391): warning C6246: Local declaration of 'arr' hides declaration of the same name in outer scope. For additional information, see previous declaration at line '1359' of 'c:\users\алехандро\desktop\alexprojects\algorithmicproject\array.cpp'.
C:\Users\Алехандро\Desktop\AlexProjects\ALGORITHMICPROJECT\Array.cpp(1392): warning C6246: Local declaration of 'arr' hides declaration of the same name in outer scope. For additional information, see previous declaration at line '1359' of 'c:\users\алехандро\desktop\alexprojects\algorithmicproject\array.cpp'.
C:\Users\Алехандро\Desktop\AlexProjects\ALGORITHMICPROJECT\Array.cpp(1393): warning C6246: Local declaration of 'arr' hides declaration of the same name in outer scope. For additional information, see previous declaration at line '1359' of 'c:\users\алехандро\desktop\alexprojects\algorithmicproject\array.cpp'.
C:\Users\Алехандро\Desktop\AlexProjects\ALGORITHMICPROJECT\Array.cpp(1359): warning C26494: Variable 'arr' is uninitialized. Always initialize an object (type.5).
C:\Users\Алехандро\Desktop\AlexProjects\ALGORITHMICPROJECT\Array.cpp(1362): warning C26485: Expression 'arr': No array to pointer decay (bounds.3).
C:\Users\Алехандро\Desktop\AlexProjects\ALGORITHMICPROJECT\Array.cpp(1363): warning C26485: Expression 'arr': No array to pointer decay (bounds.3).
C:\Users\Алехандро\Desktop\AlexProjects\ALGORITHMICPROJECT\Array.cpp(1364): warning C26485: Expression 'arr': No array to pointer decay (bounds.3).
C:\Users\Алехандро\Desktop\AlexProjects\ALGORITHMICPROJECT\Array.cpp(1372): warning C26485: Expression 'arr': No array to pointer decay (bounds.3).
C:\Users\Алехандро\Desktop\AlexProjects\ALGORITHMICPROJECT\Array.cpp(1373): warning C26485: Expression 'arr': No array to pointer decay (bounds.3).
C:\Users\Алехандро\Desktop\AlexProjects\ALGORITHMICPROJECT\Array.cpp(1381): warning C26485: Expression 'arr': No array to pointer decay (bounds.3).
C:\Users\Алехандро\Desktop\AlexProjects\ALGORITHMICPROJECT\Array.cpp(1382): warning C26485: Expression 'arr': No array to pointer decay (bounds.3).
C:\Users\Алехандро\Desktop\AlexProjects\ALGORITHMICPROJECT\Array.cpp(1388): warning C26485: Expression 'arr': No array to pointer decay (bounds.3).
C:\Users\Алехандро\Desktop\AlexProjects\ALGORITHMICPROJECT\Array.cpp(1389): warning C26485: Expression 'arr': No array to pointer decay (bounds.3).
C:\Users\Алехандро\Desktop\AlexProjects\ALGORITHMICPROJECT\Array.cpp(1390): warning C26485: Expression 'arr': No array to pointer decay (bounds.3).
C:\Users\Алехандро\Desktop\AlexProjects\ALGORITHMICPROJECT\Array.cpp(1391): warning C26485: Expression 'arr': No array to pointer decay (bounds.3).
C:\Users\Алехандро\Desktop\AlexProjects\ALGORITHMICPROJECT\Array.cpp(1392): warning C26485: Expression 'arr': No array to pointer decay (bounds.3).
C:\Users\Алехандро\Desktop\AlexProjects\ALGORITHMICPROJECT\Array.cpp(1393): warning C26485: Expression 'arr': No array to pointer decay (bounds.3).
C:\Users\Алехандро\Desktop\AlexProjects\ALGORITHMICPROJECT\Array.cpp(1396): warning C26429: Symbol 'arr' is never tested for nullness, it can be marked as not_null (f.23).
c:\users\алехандро\desktop\alexprojects\algorithmicproject\array.cpp(357): warning C26485: Expression 'arr': No array to pointer decay (bounds.3).
C:\Users\Алехандро\Desktop\AlexProjects\ALGORITHMICPROJECT\Array.cpp(1398): warning C26481: Don't use pointer arithmetic. Use span instead (bounds.1).
C:\Users\Алехандро\Desktop\AlexProjects\ALGORITHMICPROJECT\Array.cpp(1400): warning C26481: Don't use pointer arithmetic. Use span instead (bounds.1).
C:\Users\Алехандро\Desktop\AlexProjects\ALGORITHMICPROJECT\Array.cpp(1402): warning C26481: Don't use pointer arithmetic. Use span instead (bounds.1).
C:\Users\Алехандро\Desktop\AlexProjects\ALGORITHMICPROJECT\Array.cpp(1404): warning C26481: Don't use pointer arithmetic. Use span instead (bounds.1).
C:\Users\Алехандро\Desktop\AlexProjects\ALGORITHMICPROJECT\Array.cpp(1406): warning C26481: Don't use pointer arithmetic. Use span instead (bounds.1).
C:\Users\Алехандро\Desktop\AlexProjects\ALGORITHMICPROJECT\Array.cpp(1408): warning C26481: Don't use pointer arithmetic. Use span instead (bounds.1).
C:\Users\Алехандро\Desktop\AlexProjects\ALGORITHMICPROJECT\Array.cpp(1412): warning C26429: Symbol 'arr' is never tested for nullness, it can be marked as not_null (f.23).
c:\users\алехандро\desktop\alexprojects\algorithmicproject\array.cpp(358): warning C26485: Expression 'arr': No array to pointer decay (bounds.3).
C:\Users\Алехандро\Desktop\AlexProjects\ALGORITHMICPROJECT\Array.cpp(1414): warning C26481: Don't use pointer arithmetic. Use span instead (bounds.1).
C:\Users\Алехандро\Desktop\AlexProjects\ALGORITHMICPROJECT\Array.cpp(1416): warning C26481: Don't use pointer arithmetic. Use span instead (bounds.1).
C:\Users\Алехандро\Desktop\AlexProjects\ALGORITHMICPROJECT\Array.cpp(1418): warning C26481: Don't use pointer arithmetic. Use span instead (bounds.1).
C:\Users\Алехандро\Desktop\AlexProjects\ALGORITHMICPROJECT\Array.cpp(1420): warning C26481: Don't use pointer arithmetic. Use span instead (bounds.1).
C:\Users\Алехандро\Desktop\AlexProjects\ALGORITHMICPROJECT\Array.cpp(1422): warning C26481: Don't use pointer arithmetic. Use span instead (bounds.1).
C:\Users\Алехандро\Desktop\AlexProjects\ALGORITHMICPROJECT\Array.cpp(1424): warning C26481: Don't use pointer arithmetic. Use span instead (bounds.1).
C:\Users\Алехандро\Desktop\AlexProjects\ALGORITHMICPROJECT\Array.cpp(1428): warning C26440: Function 'bitSort' can be declared 'noexcept' (f.6).
C:\Users\Алехандро\Desktop\AlexProjects\ALGORITHMICPROJECT\Array.cpp(1447): warning C26496: The variable 'arr' is assigned only once, mark it as const (con.4).
C:\Users\Алехандро\Desktop\AlexProjects\ALGORITHMICPROJECT\Array.cpp(1439): warning C26485: Expression 'arr': No array to pointer decay (bounds.3).
C:\Users\Алехандро\Desktop\AlexProjects\ALGORITHMICPROJECT\Array.cpp(1445): warning C26485: Expression 'arr': No array to pointer decay (bounds.3).
C:\Users\Алехандро\Desktop\AlexProjects\ALGORITHMICPROJECT\Array.cpp(1451): warning C26461: The pointer argument 'arr' for function 'isDivided' can be marked as a pointer to const (con.3).
C:\Users\Алехандро\Desktop\AlexProjects\ALGORITHMICPROJECT\Array.cpp(1451): warning C26429: Symbol 'arr' is never tested for nullness, it can be marked as not_null (f.23).
c:\users\алехандро\desktop\alexprojects\algorithmicproject\array.cpp(1451): warning C26485: Expression 'arr': No array to pointer decay (bounds.3).
C:\Users\Алехандро\Desktop\AlexProjects\ALGORITHMICPROJECT\Array.cpp(1455): warning C26481: Don't use pointer arithmetic. Use span instead (bounds.1).
C:\Users\Алехандро\Desktop\AlexProjects\ALGORITHMICPROJECT\Array.cpp(1462): warning C26481: Don't use pointer arithmetic. Use span instead (bounds.1).
C:\Users\Алехандро\Desktop\AlexProjects\ALGORITHMICPROJECT\Array.cpp(1451): warning C26440: Function 'isDivided' can be declared 'noexcept' (f.6).
C:\Users\Алехандро\Desktop\AlexProjects\ALGORITHMICPROJECT\Array.cpp(1475): warning C26485: Expression 'arr': No array to pointer decay (bounds.3).
C:\Users\Алехандро\Desktop\AlexProjects\ALGORITHMICPROJECT\Array.cpp(1499): warning C6031: Return value ignored: '_getch'.
C:\Users\Алехандро\Desktop\AlexProjects\ALGORITHMICPROJECT\Array.cpp(1482): warning C26461: The pointer argument 'arr' for function 'printSort' can be marked as a pointer to const (con.3).
C:\Users\Алехандро\Desktop\AlexProjects\ALGORITHMICPROJECT\Array.cpp(1482): warning C26429: Symbol 'arr' is never tested for nullness, it can be marked as not_null (f.23).
c:\users\алехандро\desktop\alexprojects\algorithmicproject\array.cpp(1482): warning C26485: Expression 'arr': No array to pointer decay (bounds.3).
C:\Users\Алехандро\Desktop\AlexProjects\ALGORITHMICPROJECT\Array.cpp(1494): warning C26481: Don't use pointer arithmetic. Use span instead (bounds.1).
C:\Users\Алехандро\Desktop\AlexProjects\ALGORITHMICPROJECT\Array.cpp(1519): warning C6031: Return value ignored: '_getch'.
C:\Users\Алехандро\Desktop\AlexProjects\ALGORITHMICPROJECT\Array.cpp(1502): warning C26461: The pointer argument 'arr' for function 'printSort' can be marked as a pointer to const (con.3).
C:\Users\Алехандро\Desktop\AlexProjects\ALGORITHMICPROJECT\Array.cpp(1502): warning C26429: Symbol 'arr' is never tested for nullness, it can be marked as not_null (f.23).
c:\users\алехандро\desktop\alexprojects\algorithmicproject\array.cpp(1502): warning C26485: Expression 'arr': No array to pointer decay (bounds.3).
C:\Users\Алехандро\Desktop\AlexProjects\ALGORITHMICPROJECT\Array.cpp(1514): warning C26481: Don't use pointer arithmetic. Use span instead (bounds.1).
c:\users\алехандро\desktop\alexprojects\algorithmicproject\array.cpp(1522): warning C26485: Expression 'arr': No array to pointer decay (bounds.3).
C:\Users\Алехандро\Desktop\AlexProjects\ALGORITHMICPROJECT\Array.cpp(1528): warning C26429: Symbol 'arr' is never tested for nullness, it can be marked as not_null (f.23).
c:\users\алехандро\desktop\alexprojects\algorithmicproject\array.cpp(348): warning C26485: Expression 'arr': No array to pointer decay (bounds.3).
C:\Users\Алехандро\Desktop\AlexProjects\ALGORITHMICPROJECT\Array.cpp(1539): warning C26481: Don't use pointer arithmetic. Use span instead (bounds.1).
C:\Users\Алехандро\Desktop\AlexProjects\ALGORITHMICPROJECT\Array.cpp(1541): warning C26481: Don't use pointer arithmetic. Use span instead (bounds.1).
C:\Users\Алехандро\Desktop\AlexProjects\ALGORITHMICPROJECT\Array.cpp(1550): warning C26481: Don't use pointer arithmetic. Use span instead (bounds.1).
C:\Users\Алехандро\Desktop\AlexProjects\ALGORITHMICPROJECT\Array.cpp(1554): warning C26481: Don't use pointer arithmetic. Use span instead (bounds.1).
C:\Users\Алехандро\Desktop\AlexProjects\ALGORITHMICPROJECT\Array.cpp(1573): warning C26481: Don't use pointer arithmetic. Use span instead (bounds.1).
C:\Users\Алехандро\Desktop\AlexProjects\ALGORITHMICPROJECT\Array.cpp(1579): warning C26481: Don't use pointer arithmetic. Use span instead (bounds.1).
C:\Users\Алехандро\Desktop\AlexProjects\ALGORITHMICPROJECT\Array.cpp(1581): warning C26481: Don't use pointer arithmetic. Use span instead (bounds.1).
C:\Users\Алехандро\Desktop\AlexProjects\ALGORITHMICPROJECT\Array.cpp(1596): warning C26481: Don't use pointer arithmetic. Use span instead (bounds.1).
C:\Users\Алехандро\Desktop\AlexProjects\ALGORITHMICPROJECT\Array.cpp(1598): warning C26481: Don't use pointer arithmetic. Use span instead (bounds.1).
C:\Users\Алехандро\Desktop\AlexProjects\ALGORITHMICPROJECT\Array.cpp(1626): warning C26481: Don't use pointer arithmetic. Use span instead (bounds.1).
C:\Users\Алехандро\Desktop\AlexProjects\ALGORITHMICPROJECT\Array.cpp(1632): warning C26481: Don't use pointer arithmetic. Use span instead (bounds.1).
C:\Users\Алехандро\Desktop\AlexProjects\ALGORITHMICPROJECT\Array.cpp(1636): warning C26481: Don't use pointer arithmetic. Use span instead (bounds.1).
C:\Users\Алехандро\Desktop\AlexProjects\ALGORITHMICPROJECT\Array.cpp(1653): warning C26481: Don't use pointer arithmetic. Use span instead (bounds.1).
C:\Users\Алехандро\Desktop\AlexProjects\ALGORITHMICPROJECT\Array.cpp(1656): warning C26481: Don't use pointer arithmetic. Use span instead (bounds.1).
C:\Users\Алехандро\Desktop\AlexProjects\ALGORITHMICPROJECT\Array.cpp(1673): warning C26481: Don't use pointer arithmetic. Use span instead (bounds.1).
C:\Users\Алехандро\Desktop\AlexProjects\ALGORITHMICPROJECT\Array.cpp(1673): warning C26481: Don't use pointer arithmetic. Use span instead (bounds.1).
C:\Users\Алехандро\Desktop\AlexProjects\ALGORITHMICPROJECT\Array.cpp(1675): warning C26481: Don't use pointer arithmetic. Use span instead (bounds.1).
C:\Users\Алехандро\Desktop\AlexProjects\ALGORITHMICPROJECT\Array.cpp(1700): warning C26481: Don't use pointer arithmetic. Use span instead (bounds.1).
C:\Users\Алехандро\Desktop\AlexProjects\ALGORITHMICPROJECT\Array.cpp(1708): warning C26481: Don't use pointer arithmetic. Use span instead (bounds.1).
C:\Users\Алехандро\Desktop\AlexProjects\ALGORITHMICPROJECT\Array.cpp(1717): warning C26461: The pointer argument 'arr2' for function 'equal' can be marked as a pointer to const (con.3).
C:\Users\Алехандро\Desktop\AlexProjects\ALGORITHMICPROJECT\Array.cpp(1717): warning C26429: Symbol 'arr' is never tested for nullness, it can be marked as not_null (f.23).
c:\users\алехандро\desktop\alexprojects\algorithmicproject\array.cpp(354): warning C26485: Expression 'arr': No array to pointer decay (bounds.3).
C:\Users\Алехандро\Desktop\AlexProjects\ALGORITHMICPROJECT\Array.cpp(1721): warning C26481: Don't use pointer arithmetic. Use span instead (bounds.1).
C:\Users\Алехандро\Desktop\AlexProjects\ALGORITHMICPROJECT\Array.cpp(1722): warning C26481: Don't use pointer arithmetic. Use span instead (bounds.1).
C:\Users\Алехандро\Desktop\AlexProjects\ALGORITHMICPROJECT\Array.cpp(1727): warning C26461: The pointer argument 'arr2' for function 'equal' can be marked as a pointer to const (con.3).
C:\Users\Алехандро\Desktop\AlexProjects\ALGORITHMICPROJECT\Array.cpp(1727): warning C26429: Symbol 'arr' is never tested for nullness, it can be marked as not_null (f.23).
c:\users\алехандро\desktop\alexprojects\algorithmicproject\array.cpp(1727): warning C26485: Expression 'arr': No array to pointer decay (bounds.3).
C:\Users\Алехандро\Desktop\AlexProjects\ALGORITHMICPROJECT\Array.cpp(1731): warning C26481: Don't use pointer arithmetic. Use span instead (bounds.1).
C:\Users\Алехандро\Desktop\AlexProjects\ALGORITHMICPROJECT\Array.cpp(1732): warning C26481: Don't use pointer arithmetic. Use span instead (bounds.1).
C:\Users\Алехандро\Desktop\AlexProjects\ALGORITHMICPROJECT\Array.cpp(1727): warning C26440: Function 'equal' can be declared 'noexcept' (f.6).
C:\Users\Алехандро\Desktop\AlexProjects\ALGORITHMICPROJECT\Array.cpp(1736): warning C26440: Function '____TheVSTROeNNAYaFUnKZIjJaSKOKORAZRYADOVvV______' can be declared 'noexcept' (f.6).
C:\Users\Алехандро\Desktop\AlexProjects\ALGORITHMICPROJECT\Array.cpp(1760): warning C6031: Return value ignored: '_getch'.
C:\Users\Алехандро\Desktop\AlexProjects\ALGORITHMICPROJECT\Array.cpp(1754): warning C26496: The variable 'sort' is assigned only once, mark it as const (con.4).
C:\Users\Алехандро\Desktop\AlexProjects\ALGORITHMICPROJECT\Array.cpp(1752): warning C26485: Expression 'arr': No array to pointer decay (bounds.3).
C:\Users\Алехандро\Desktop\AlexProjects\ALGORITHMICPROJECT\Array.cpp(1754): warning C26485: Expression 'arr': No array to pointer decay (bounds.3).
C:\Users\Алехандро\Desktop\AlexProjects\ALGORITHMICPROJECT\Array.cpp(1759): warning C26485: Expression 'arr': No array to pointer decay (bounds.3).
C:\Users\Алехандро\Desktop\AlexProjects\ALGORITHMICPROJECT\Array.cpp(1782): warning C6031: Return value ignored: '_getch'.
C:\Users\Алехандро\Desktop\AlexProjects\ALGORITHMICPROJECT\Array.cpp(1775): warning C26496: The variable 'sort' is assigned only once, mark it as const (con.4).
C:\Users\Алехандро\Desktop\AlexProjects\ALGORITHMICPROJECT\Array.cpp(1766): warning C26429: Symbol 'func' is never tested for nullness, it can be marked as not_null (f.23).
c:\users\алехандро\desktop\alexprojects\algorithmicproject\array.cpp(380): warning C26485: Expression 'func': No array to pointer decay (bounds.3).
C:\Users\Алехандро\Desktop\AlexProjects\ALGORITHMICPROJECT\Array.cpp(1773): warning C26485: Expression 'arr': No array to pointer decay (bounds.3).
C:\Users\Алехандро\Desktop\AlexProjects\ALGORITHMICPROJECT\Array.cpp(1774): warning C26485: Expression 'arr': No array to pointer decay (bounds.3).
C:\Users\Алехандро\Desktop\AlexProjects\ALGORITHMICPROJECT\Array.cpp(1775): warning C26485: Expression 'arr': No array to pointer decay (bounds.3).
C:\Users\Алехандро\Desktop\AlexProjects\ALGORITHMICPROJECT\Array.cpp(1781): warning C26485: Expression 'arr': No array to pointer decay (bounds.3).
C:\Users\Алехандро\Desktop\AlexProjects\ALGORITHMICPROJECT\Array.cpp(1876): warning C26496: The variable 'biggerNum' is assigned only once, mark it as const (con.4).
C:\Users\Алехандро\Desktop\AlexProjects\ALGORITHMICPROJECT\Array.cpp(1870): warning C26429: Symbol 'arr' is never tested for nullness, it can be marked as not_null (f.23).
c:\users\алехандро\desktop\alexprojects\algorithmicproject\array.cpp(1870): warning C26485: Expression 'arr': No array to pointer decay (bounds.3).
C:\Users\Алехандро\Desktop\AlexProjects\ALGORITHMICPROJECT\Array.cpp(1876): warning C26481: Don't use pointer arithmetic. Use span instead (bounds.1).
C:\Users\Алехандро\Desktop\AlexProjects\ALGORITHMICPROJECT\Array.cpp(1904): warning C26496: The variable 'biggerNum' is assigned only once, mark it as const (con.4).
C:\Users\Алехандро\Desktop\AlexProjects\ALGORITHMICPROJECT\Array.cpp(1900): warning C26429: Symbol 'arr' is never tested for nullness, it can be marked as not_null (f.23).
c:\users\алехандро\desktop\alexprojects\algorithmicproject\array.cpp(1900): warning C26485: Expression 'arr': No array to pointer decay (bounds.3).
C:\Users\Алехандро\Desktop\AlexProjects\ALGORITHMICPROJECT\Array.cpp(1904): warning C26481: Don't use pointer arithmetic. Use span instead (bounds.1).
C:\Users\Алехандро\Desktop\AlexProjects\ALGORITHMICPROJECT\Array.cpp(1910): warning C26461: The pointer argument 'arr' for function 'binarySearch' can be marked as a pointer to const (con.3).
C:\Users\Алехандро\Desktop\AlexProjects\ALGORITHMICPROJECT\Array.cpp(1939): warning C26496: The variable 'mid' is assigned only once, mark it as const (con.4).
C:\Users\Алехандро\Desktop\AlexProjects\ALGORITHMICPROJECT\Array.cpp(1910): warning C26429: Symbol 'arr' is never tested for nullness, it can be marked as not_null (f.23).
c:\users\алехандро\desktop\alexprojects\algorithmicproject\array.cpp(343): warning C26485: Expression 'arr': No array to pointer decay (bounds.3).
C:\Users\Алехандро\Desktop\AlexProjects\ALGORITHMICPROJECT\Array.cpp(1942): warning C26481: Don't use pointer arithmetic. Use span instead (bounds.1).
C:\Users\Алехандро\Desktop\AlexProjects\ALGORITHMICPROJECT\Array.cpp(1958): warning C26496: The variable 'copy' is assigned only once, mark it as const (con.4).
C:\Users\Алехандро\Desktop\AlexProjects\ALGORITHMICPROJECT\Array.cpp(1955): warning C26429: Symbol 'arr' is never tested for nullness, it can be marked as not_null (f.23).
c:\users\алехандро\desktop\alexprojects\algorithmicproject\array.cpp(377): warning C26485: Expression 'arr': No array to pointer decay (bounds.3).
C:\Users\Алехандро\Desktop\AlexProjects\ALGORITHMICPROJECT\Array.cpp(1958): warning C26481: Don't use pointer arithmetic. Use span instead (bounds.1).
C:\Users\Алехандро\Desktop\AlexProjects\ALGORITHMICPROJECT\Array.cpp(1961): warning C26481: Don't use pointer arithmetic. Use span instead (bounds.1).
C:\Users\Алехандро\Desktop\AlexProjects\ALGORITHMICPROJECT\Array.cpp(1964): warning C26481: Don't use pointer arithmetic. Use span instead (bounds.1).
C:\Users\Алехандро\Desktop\AlexProjects\ALGORITHMICPROJECT\Array.cpp(1968): warning C26461: The pointer argument 'arr' for function 'lessThen' can be marked as a pointer to const (con.3).
C:\Users\Алехандро\Desktop\AlexProjects\ALGORITHMICPROJECT\Array.cpp(1968): warning C26429: Symbol 'arr' is never tested for nullness, it can be marked as not_null (f.23).
c:\users\алехандро\desktop\alexprojects\algorithmicproject\array.cpp(335): warning C26485: Expression 'arr': No array to pointer decay (bounds.3).
C:\Users\Алехандро\Desktop\AlexProjects\ALGORITHMICPROJECT\Array.cpp(1972): warning C26481: Don't use pointer arithmetic. Use span instead (bounds.1).
C:\Users\Алехандро\Desktop\AlexProjects\ALGORITHMICPROJECT\Array.cpp(1981): warning C26429: Symbol 'arr' is never tested for nullness, it can be marked as not_null (f.23).
c:\users\алехандро\desktop\alexprojects\algorithmicproject\array.cpp(1981): warning C26485: Expression 'arr': No array to pointer decay (bounds.3).
C:\Users\Алехандро\Desktop\AlexProjects\ALGORITHMICPROJECT\Array.cpp(1988): warning C26481: Don't use pointer arithmetic. Use span instead (bounds.1).
C:\Users\Алехандро\Desktop\AlexProjects\ALGORITHMICPROJECT\Array.cpp(1993): warning C26461: The pointer argument 'arr' for function 'findTheBiggest' can be marked as a pointer to const (con.3).
C:\Users\Алехандро\Desktop\AlexProjects\ALGORITHMICPROJECT\Array.cpp(1993): warning C26429: Symbol 'arr' is never tested for nullness, it can be marked as not_null (f.23).
c:\users\алехандро\desktop\alexprojects\algorithmicproject\array.cpp(342): warning C26485: Expression 'arr': No array to pointer decay (bounds.3).
C:\Users\Алехандро\Desktop\AlexProjects\ALGORITHMICPROJECT\Array.cpp(1998): warning C26481: Don't use pointer arithmetic. Use span instead (bounds.1).
C:\Users\Алехандро\Desktop\AlexProjects\ALGORITHMICPROJECT\Array.cpp(2007): warning C26461: The pointer argument 'arr' for function 'findTheLess' can be marked as a pointer to const (con.3).
C:\Users\Алехандро\Desktop\AlexProjects\ALGORITHMICPROJECT\Array.cpp(2007): warning C26429: Symbol 'arr' is never tested for nullness, it can be marked as not_null (f.23).
c:\users\алехандро\desktop\alexprojects\algorithmicproject\array.cpp(2007): warning C26485: Expression 'arr': No array to pointer decay (bounds.3).
C:\Users\Алехандро\Desktop\AlexProjects\ALGORITHMICPROJECT\Array.cpp(2013): warning C26481: Don't use pointer arithmetic. Use span instead (bounds.1).
C:\Users\Алехандро\Desktop\AlexProjects\ALGORITHMICPROJECT\Array.cpp(2007): warning C26440: Function 'findTheLess' can be declared 'noexcept' (f.6).
c:\users\алехандро\desktop\alexprojects\algorithmicproject\array.cpp(330): warning C26485: Expression 'arr': No array to pointer decay (bounds.3).
C:\Users\Алехандро\Desktop\AlexProjects\ALGORITHMICPROJECT\Array.cpp(2064): warning C26496: The variable 'copy' is assigned only once, mark it as const (con.4).
C:\Users\Алехандро\Desktop\AlexProjects\ALGORITHMICPROJECT\Array.cpp(2054): warning C26429: Symbol 'arr' is never tested for nullness, it can be marked as not_null (f.23).
c:\users\алехандро\desktop\alexprojects\algorithmicproject\array.cpp(2054): warning C26485: Expression 'arr': No array to pointer decay (bounds.3).
C:\Users\Алехандро\Desktop\AlexProjects\ALGORITHMICPROJECT\Array.cpp(2061): warning C26481: Don't use pointer arithmetic. Use span instead (bounds.1).
C:\Users\Алехандро\Desktop\AlexProjects\ALGORITHMICPROJECT\Array.cpp(2064): warning C26481: Don't use pointer arithmetic. Use span instead (bounds.1).
C:\Users\Алехандро\Desktop\AlexProjects\ALGORITHMICPROJECT\Array.cpp(2065): warning C26481: Don't use pointer arithmetic. Use span instead (bounds.1).
C:\Users\Алехандро\Desktop\AlexProjects\ALGORITHMICPROJECT\Array.cpp(2066): warning C26481: Don't use pointer arithmetic. Use span instead (bounds.1).
C:\Users\Алехандро\Desktop\AlexProjects\ALGORITHMICPROJECT\Array.cpp(2074): warning C26461: The pointer argument 'arr' for function 'isSorted' can be marked as a pointer to const (con.3).
C:\Users\Алехандро\Desktop\AlexProjects\ALGORITHMICPROJECT\Array.cpp(2074): warning C26429: Symbol 'arr' is never tested for nullness, it can be marked as not_null (f.23).
c:\users\алехандро\desktop\alexprojects\algorithmicproject\array.cpp(341): warning C26485: Expression 'arr': No array to pointer decay (bounds.3).
C:\Users\Алехандро\Desktop\AlexProjects\ALGORITHMICPROJECT\Array.cpp(2079): warning C26481: Don't use pointer arithmetic. Use span instead (bounds.1).
C:\Users\Алехандро\Desktop\AlexProjects\ALGORITHMICPROJECT\Array.cpp(2084): warning C26461: The pointer argument 'arr' for function 'isSorted' can be marked as a pointer to const (con.3).
C:\Users\Алехандро\Desktop\AlexProjects\ALGORITHMICPROJECT\Array.cpp(2084): warning C26429: Symbol 'arr' is never tested for nullness, it can be marked as not_null (f.23).
c:\users\алехандро\desktop\alexprojects\algorithmicproject\array.cpp(340): warning C26485: Expression 'arr': No array to pointer decay (bounds.3).
C:\Users\Алехандро\Desktop\AlexProjects\ALGORITHMICPROJECT\Array.cpp(2088): warning C26481: Don't use pointer arithmetic. Use span instead (bounds.1).
C:\Users\Алехандро\Desktop\AlexProjects\ALGORITHMICPROJECT\Array.cpp(2084): warning C26440: Function 'isSorted' can be declared 'noexcept' (f.6).
C:\Users\Алехандро\Desktop\AlexProjects\ALGORITHMICPROJECT\Array.cpp(2094): warning C26429: Symbol 'comparisionFunc1' is never tested for nullness, it can be marked as not_null (f.23).
C:\Users\Алехандро\Desktop\AlexProjects\ALGORITHMICPROJECT\Array.cpp(2104): warning C26493: Don't use C-style casts (type.4).
C:\Users\Алехандро\Desktop\AlexProjects\ALGORITHMICPROJECT\Array.cpp(2104): warning C26493: Don't use C-style casts (type.4).
C:\Users\Алехандро\Desktop\AlexProjects\ALGORITHMICPROJECT\Array.cpp(2107): warning C26493: Don't use C-style casts (type.4).
C:\Users\Алехандро\Desktop\AlexProjects\ALGORITHMICPROJECT\Array.cpp(2107): warning C26493: Don't use C-style casts (type.4).
c:\users\алехандро\desktop\alexprojects\algorithmicproject\array.cpp(339): warning C26485: Expression 'comparisionFunc1': No array to pointer decay (bounds.3).
c:\users\алехандро\desktop\alexprojects\algorithmicproject\array.cpp(2111): warning C26485: Expression 'arr': No array to pointer decay (bounds.3).
C:\Users\Алехандро\Desktop\AlexProjects\ALGORITHMICPROJECT\Array.cpp(2160): warning C26496: The variable 'f' is assigned only once, mark it as const (con.4).
C:\Users\Алехандро\Desktop\AlexProjects\ALGORITHMICPROJECT\Array.cpp(2174): warning C26429: Symbol 'arr' is never tested for nullness, it can be marked as not_null (f.23).
c:\users\алехандро\desktop\alexprojects\algorithmicproject\array.cpp(327): warning C26485: Expression 'arr': No array to pointer decay (bounds.3).
C:\Users\Алехандро\Desktop\AlexProjects\ALGORITHMICPROJECT\Array.cpp(2178): warning C26481: Don't use pointer arithmetic. Use span instead (bounds.1).
C:\Users\Алехандро\Desktop\AlexProjects\ALGORITHMICPROJECT\Array.cpp(2174): warning C26440: Function 'randomfill' can be declared 'noexcept' (f.6).
C:\Users\Алехандро\Desktop\AlexProjects\ALGORITHMICPROJECT\Array.cpp(2182): warning C26429: Symbol 'arr' is never tested for nullness, it can be marked as not_null (f.23).
c:\users\алехандро\desktop\alexprojects\algorithmicproject\array.cpp(328): warning C26485: Expression 'arr': No array to pointer decay (bounds.3).
C:\Users\Алехандро\Desktop\AlexProjects\ALGORITHMICPROJECT\Array.cpp(2186): warning C26481: Don't use pointer arithmetic. Use span instead (bounds.1).
C:\Users\Алехандро\Desktop\AlexProjects\ALGORITHMICPROJECT\Array.cpp(2182): warning C26440: Function 'randomfill' can be declared 'noexcept' (f.6).
C:\Users\Алехандро\Desktop\AlexProjects\ALGORITHMICPROJECT\Array.cpp(2196): warning C26429: Symbol 'n1' is never tested for nullness, it can be marked as not_null (f.23).
C:\Users\Алехандро\Desktop\AlexProjects\ALGORITHMICPROJECT\Array.cpp(2196): warning C26440: Function 'exchange' can be declared 'noexcept' (f.6).
C:\Users\Алехандро\Desktop\AlexProjects\ALGORITHMICPROJECT\Array.cpp(2206): warning C26496: The variable 'copy' is assigned only once, mark it as const (con.4).
C:\Users\Алехандро\Desktop\AlexProjects\ALGORITHMICPROJECT\Array.cpp(2213): warning C26429: Symbol 'arr' is never tested for nullness, it can be marked as not_null (f.23).
c:\users\алехандро\desktop\alexprojects\algorithmicproject\array.cpp(2213): warning C26485: Expression 'arr': No array to pointer decay (bounds.3).
C:\Users\Алехандро\Desktop\AlexProjects\ALGORITHMICPROJECT\Array.cpp(2221): warning C26481: Don't use pointer arithmetic. Use span instead (bounds.1).
C:\Users\Алехандро\Desktop\AlexProjects\ALGORITHMICPROJECT\Array.cpp(2222): warning C26481: Don't use pointer arithmetic. Use span instead (bounds.1).
C:\Users\Алехандро\Desktop\AlexProjects\ALGORITHMICPROJECT\Array.cpp(2227): warning C26429: Symbol 'arr' is never tested for nullness, it can be marked as not_null (f.23).
c:\users\алехандро\desktop\alexprojects\algorithmicproject\array.cpp(2227): warning C26485: Expression 'arr': No array to pointer decay (bounds.3).
C:\Users\Алехандро\Desktop\AlexProjects\ALGORITHMICPROJECT\Array.cpp(2233): warning C26481: Don't use pointer arithmetic. Use span instead (bounds.1).
C:\Users\Алехандро\Desktop\AlexProjects\ALGORITHMICPROJECT\Array.cpp(2237): warning C26429: Symbol 'arr' is never tested for nullness, it can be marked as not_null (f.23).
C:\Users\Алехандро\Desktop\AlexProjects\ALGORITHMICPROJECT\Array.cpp(2243): warning C26493: Don't use C-style casts (type.4).
c:\users\алехандро\desktop\alexprojects\algorithmicproject\array.cpp(2237): warning C26485: Expression 'arr': No array to pointer decay (bounds.3).
C:\Users\Алехандро\Desktop\AlexProjects\ALGORITHMICPROJECT\Array.cpp(2242): warning C26481: Don't use pointer arithmetic. Use span instead (bounds.1).
C:\Users\Алехандро\Desktop\AlexProjects\ALGORITHMICPROJECT\Array.cpp(2243): warning C26481: Don't use pointer arithmetic. Use span instead (bounds.1).
C:\Users\Алехандро\Desktop\AlexProjects\ALGORITHMICPROJECT\Array.cpp(2237): warning C26440: Function 'fill123654var1' can be declared 'noexcept' (f.6).
C:\Users\Алехандро\Desktop\AlexProjects\ALGORITHMICPROJECT\Array.cpp(2250): warning C26429: Symbol 'arr' is never tested for nullness, it can be marked as not_null (f.23).
c:\users\алехандро\desktop\alexprojects\algorithmicproject\array.cpp(2250): warning C26485: Expression 'arr': No array to pointer decay (bounds.3).
C:\Users\Алехандро\Desktop\AlexProjects\ALGORITHMICPROJECT\Array.cpp(2256): warning C26481: Don't use pointer arithmetic. Use span instead (bounds.1).
C:\Users\Алехандро\Desktop\AlexProjects\ALGORITHMICPROJECT\Array.cpp(2257): warning C26481: Don't use pointer arithmetic. Use span instead (bounds.1).
C:\Users\Алехандро\Desktop\AlexProjects\ALGORITHMICPROJECT\Array.cpp(2250): warning C26440: Function 'fill123654var2' can be declared 'noexcept' (f.6).
C:\Users\Алехандро\Desktop\AlexProjects\ALGORITHMICPROJECT\Array.cpp(2286): warning C26429: Symbol 'arr' is never tested for nullness, it can be marked as not_null (f.23).
c:\users\алехандро\desktop\alexprojects\algorithmicproject\array.cpp(2286): warning C26485: Expression 'arr': No array to pointer decay (bounds.3).
C:\Users\Алехандро\Desktop\AlexProjects\ALGORITHMICPROJECT\Array.cpp(2290): warning C26481: Don't use pointer arithmetic. Use span instead (bounds.1).
C:\Users\Алехандро\Desktop\AlexProjects\ALGORITHMICPROJECT\Array.cpp(2286): warning C26440: Function 'fill123var1' can be declared 'noexcept' (f.6).
C:\Users\Алехандро\Desktop\AlexProjects\ALGORITHMICPROJECT\Array.cpp(2294): warning C26429: Symbol 'arr' is never tested for nullness, it can be marked as not_null (f.23).
c:\users\алехандро\desktop\alexprojects\algorithmicproject\array.cpp(2294): warning C26485: Expression 'arr': No array to pointer decay (bounds.3).
C:\Users\Алехандро\Desktop\AlexProjects\ALGORITHMICPROJECT\Array.cpp(2298): warning C26481: Don't use pointer arithmetic. Use span instead (bounds.1).
C:\Users\Алехандро\Desktop\AlexProjects\ALGORITHMICPROJECT\Array.cpp(2303): warning C26481: Don't use pointer arithmetic. Use span instead (bounds.1).
C:\Users\Алехандро\Desktop\AlexProjects\ALGORITHMICPROJECT\Array.cpp(2307): warning C26481: Don't use pointer arithmetic. Use span instead (bounds.1).
C:\Users\Алехандро\Desktop\AlexProjects\ALGORITHMICPROJECT\Array.cpp(2294): warning C26440: Function 'fill123var2' can be declared 'noexcept' (f.6).
C:\Users\Алехандро\Desktop\AlexProjects\ALGORITHMICPROJECT\Array.cpp(2311): warning C26429: Symbol 'arr' is never tested for nullness, it can be marked as not_null (f.23).
C:\Users\Алехандро\Desktop\AlexProjects\ALGORITHMICPROJECT\Array.cpp(2316): warning C26493: Don't use C-style casts (type.4).
C:\Users\Алехандро\Desktop\AlexProjects\ALGORITHMICPROJECT\Array.cpp(2317): warning C26493: Don't use C-style casts (type.4).
c:\users\алехандро\desktop\alexprojects\algorithmicproject\array.cpp(2311): warning C26485: Expression 'arr': No array to pointer decay (bounds.3).
C:\Users\Алехандро\Desktop\AlexProjects\ALGORITHMICPROJECT\Array.cpp(2313): warning C26481: Don't use pointer arithmetic. Use span instead (bounds.1).
C:\Users\Алехандро\Desktop\AlexProjects\ALGORITHMICPROJECT\Array.cpp(2316): warning C26481: Don't use pointer arithmetic. Use span instead (bounds.1).
C:\Users\Алехандро\Desktop\AlexProjects\ALGORITHMICPROJECT\Array.cpp(2317): warning C26481: Don't use pointer arithmetic. Use span instead (bounds.1).
C:\Users\Алехандро\Desktop\AlexProjects\ALGORITHMICPROJECT\Array.cpp(2311): warning C26440: Function 'fill123var3' can be declared 'noexcept' (f.6).
C:\Users\Алехандро\Desktop\AlexProjects\ALGORITHMICPROJECT\Array.cpp(2322): warning C26429: Symbol 'arr' is never tested for nullness, it can be marked as not_null (f.23).
c:\users\алехандро\desktop\alexprojects\algorithmicproject\array.cpp(2322): warning C26485: Expression 'arr': No array to pointer decay (bounds.3).
C:\Users\Алехандро\Desktop\AlexProjects\ALGORITHMICPROJECT\Array.cpp(2326): warning C26481: Don't use pointer arithmetic. Use span instead (bounds.1).
C:\Users\Алехандро\Desktop\AlexProjects\ALGORITHMICPROJECT\Array.cpp(2327): warning C26481: Don't use pointer arithmetic. Use span instead (bounds.1).
C:\Users\Алехандро\Desktop\AlexProjects\ALGORITHMICPROJECT\Array.cpp(2328): warning C26481: Don't use pointer arithmetic. Use span instead (bounds.1).
C:\Users\Алехандро\Desktop\AlexProjects\ALGORITHMICPROJECT\Array.cpp(2322): warning C26440: Function 'fill123var4' can be declared 'noexcept' (f.6).
C:\Users\Алехандро\Desktop\AlexProjects\ALGORITHMICPROJECT\Array.cpp(2332): warning C26429: Symbol 'arr' is never tested for nullness, it can be marked as not_null (f.23).
c:\users\алехандро\desktop\alexprojects\algorithmicproject\array.cpp(2332): warning C26485: Expression 'arr': No array to pointer decay (bounds.3).
C:\Users\Алехандро\Desktop\AlexProjects\ALGORITHMICPROJECT\Array.cpp(2334): warning C26481: Don't use pointer arithmetic. Use span instead (bounds.1).
C:\Users\Алехандро\Desktop\AlexProjects\ALGORITHMICPROJECT\Array.cpp(2335): warning C26481: Don't use pointer arithmetic. Use span instead (bounds.1).
C:\Users\Алехандро\Desktop\AlexProjects\ALGORITHMICPROJECT\Array.cpp(2336): warning C26481: Don't use pointer arithmetic. Use span instead (bounds.1).
C:\Users\Алехандро\Desktop\AlexProjects\ALGORITHMICPROJECT\Array.cpp(2340): warning C26481: Don't use pointer arithmetic. Use span instead (bounds.1).
C:\Users\Алехандро\Desktop\AlexProjects\ALGORITHMICPROJECT\Array.cpp(2341): warning C26481: Don't use pointer arithmetic. Use span instead (bounds.1).
C:\Users\Алехандро\Desktop\AlexProjects\ALGORITHMICPROJECT\Array.cpp(2342): warning C26481: Don't use pointer arithmetic. Use span instead (bounds.1).
C:\Users\Алехандро\Desktop\AlexProjects\ALGORITHMICPROJECT\Array.cpp(2332): warning C26440: Function 'fill123var5' can be declared 'noexcept' (f.6).
C:\Users\Алехандро\Desktop\AlexProjects\ALGORITHMICPROJECT\Array.cpp(2346): warning C26429: Symbol 'arr' is never tested for nullness, it can be marked as not_null (f.23).
c:\users\алехандро\desktop\alexprojects\algorithmicproject\array.cpp(2346): warning C26485: Expression 'arr': No array to pointer decay (bounds.3).
C:\Users\Алехандро\Desktop\AlexProjects\ALGORITHMICPROJECT\Array.cpp(2350): warning C26481: Don't use pointer arithmetic. Use span instead (bounds.1).
C:\Users\Алехандро\Desktop\AlexProjects\ALGORITHMICPROJECT\Array.cpp(2346): warning C26440: Function 'fill123var6' can be declared 'noexcept' (f.6).
c:\users\алехандро\desktop\alexprojects\algorithmicproject\array.cpp(2354): warning C26485: Expression 'arr': No array to pointer decay (bounds.3).
C:\Users\Алехандро\Desktop\AlexProjects\ALGORITHMICPROJECT\Array.cpp(2420): warning C26481: Don't use pointer arithmetic. Use span instead (bounds.1).
C:\Users\Алехандро\Desktop\AlexProjects\ALGORITHMICPROJECT\Array.cpp(2425): warning C26481: Don't use pointer arithmetic. Use span instead (bounds.1).
C:\Users\Алехандро\Desktop\AlexProjects\ALGORITHMICPROJECT\Array.cpp(2431): warning C26481: Don't use pointer arithmetic. Use span instead (bounds.1).
C:\Users\Алехандро\Desktop\AlexProjects\ALGORITHMICPROJECT\Array.cpp(2432): warning C26481: Don't use pointer arithmetic. Use span instead (bounds.1).
C:\Users\Алехандро\Desktop\AlexProjects\ALGORITHMICPROJECT\Array.cpp(2434): warning C26481: Don't use pointer arithmetic. Use span instead (bounds.1).
C:\Users\Алехандро\Desktop\AlexProjects\ALGORITHMICPROJECT\Array.cpp(2442): warning C26429: Symbol 'arr' is never tested for nullness, it can be marked as not_null (f.23).
c:\users\алехандро\desktop\alexprojects\algorithmicproject\array.cpp(2442): warning C26485: Expression 'arr': No array to pointer decay (bounds.3).
C:\Users\Алехандро\Desktop\AlexProjects\ALGORITHMICPROJECT\Array.cpp(2446): warning C26481: Don't use pointer arithmetic. Use span instead (bounds.1).
C:\Users\Алехандро\Desktop\AlexProjects\ALGORITHMICPROJECT\Array.cpp(2451): warning C26481: Don't use pointer arithmetic. Use span instead (bounds.1).
C:\Users\Алехандро\Desktop\AlexProjects\ALGORITHMICPROJECT\Array.cpp(2442): warning C26440: Function 'fill123321var1' can be declared 'noexcept' (f.6).
C:\Users\Алехандро\Desktop\AlexProjects\ALGORITHMICPROJECT\Array.cpp(2456): warning C26429: Symbol 'arr' is never tested for nullness, it can be marked as not_null (f.23).
c:\users\алехандро\desktop\alexprojects\algorithmicproject\array.cpp(2456): warning C26485: Expression 'arr': No array to pointer decay (bounds.3).
C:\Users\Алехандро\Desktop\AlexProjects\ALGORITHMICPROJECT\Array.cpp(2460): warning C26481: Don't use pointer arithmetic. Use span instead (bounds.1).
C:\Users\Алехандро\Desktop\AlexProjects\ALGORITHMICPROJECT\Array.cpp(2461): warning C26481: Don't use pointer arithmetic. Use span instead (bounds.1).
C:\Users\Алехандро\Desktop\AlexProjects\ALGORITHMICPROJECT\Array.cpp(2462): warning C26481: Don't use pointer arithmetic. Use span instead (bounds.1).
C:\Users\Алехандро\Desktop\AlexProjects\ALGORITHMICPROJECT\Array.cpp(2463): warning C26481: Don't use pointer arithmetic. Use span instead (bounds.1).
C:\Users\Алехандро\Desktop\AlexProjects\ALGORITHMICPROJECT\Array.cpp(2464): warning C26481: Don't use pointer arithmetic. Use span instead (bounds.1).
C:\Users\Алехандро\Desktop\AlexProjects\ALGORITHMICPROJECT\Array.cpp(2465): warning C26481: Don't use pointer arithmetic. Use span instead (bounds.1).
C:\Users\Алехандро\Desktop\AlexProjects\ALGORITHMICPROJECT\Array.cpp(2456): warning C26440: Function 'fill123321var2' can be declared 'noexcept' (f.6).
C:\Users\Алехандро\Desktop\AlexProjects\ALGORITHMICPROJECT\Array.cpp(2469): warning C26429: Symbol 'arr' is never tested for nullness, it can be marked as not_null (f.23).
c:\users\алехандро\desktop\alexprojects\algorithmicproject\array.cpp(2469): warning C26485: Expression 'arr': No array to pointer decay (bounds.3).
C:\Users\Алехандро\Desktop\AlexProjects\ALGORITHMICPROJECT\Array.cpp(2473): warning C26481: Don't use pointer arithmetic. Use span instead (bounds.1).
C:\Users\Алехандро\Desktop\AlexProjects\ALGORITHMICPROJECT\Array.cpp(2474): warning C26481: Don't use pointer arithmetic. Use span instead (bounds.1).
C:\Users\Алехандро\Desktop\AlexProjects\ALGORITHMICPROJECT\Array.cpp(2475): warning C26481: Don't use pointer arithmetic. Use span instead (bounds.1).
C:\Users\Алехандро\Desktop\AlexProjects\ALGORITHMICPROJECT\Array.cpp(2485): warning C26481: Don't use pointer arithmetic. Use span instead (bounds.1).
C:\Users\Алехандро\Desktop\AlexProjects\ALGORITHMICPROJECT\Array.cpp(2489): warning C26481: Don't use pointer arithmetic. Use span instead (bounds.1).
C:\Users\Алехандро\Desktop\AlexProjects\ALGORITHMICPROJECT\Array.cpp(2490): warning C26481: Don't use pointer arithmetic. Use span instead (bounds.1).
C:\Users\Алехандро\Desktop\AlexProjects\ALGORITHMICPROJECT\Array.cpp(2492): warning C26481: Don't use pointer arithmetic. Use span instead (bounds.1).
C:\Users\Алехандро\Desktop\AlexProjects\ALGORITHMICPROJECT\Array.cpp(2469): warning C26440: Function 'fill123321var3' can be declared 'noexcept' (f.6).
C:\Users\Алехандро\Desktop\AlexProjects\ALGORITHMICPROJECT\Array.cpp(2498): warning C26429: Symbol 'arr' is never tested for nullness, it can be marked as not_null (f.23).
C:\Users\Алехандро\Desktop\AlexProjects\ALGORITHMICPROJECT\Array.cpp(2502): warning C26493: Don't use C-style casts (type.4).
c:\users\алехандро\desktop\alexprojects\algorithmicproject\array.cpp(2498): warning C26485: Expression 'arr': No array to pointer decay (bounds.3).
C:\Users\Алехандро\Desktop\AlexProjects\ALGORITHMICPROJECT\Array.cpp(2504): warning C26481: Don't use pointer arithmetic. Use span instead (bounds.1).
C:\Users\Алехандро\Desktop\AlexProjects\ALGORITHMICPROJECT\Array.cpp(2508): warning C26481: Don't use pointer arithmetic. Use span instead (bounds.1).
C:\Users\Алехандро\Desktop\AlexProjects\ALGORITHMICPROJECT\Array.cpp(2498): warning C26440: Function 'fill123321var4' can be declared 'noexcept' (f.6).
C:\Users\Алехандро\Desktop\AlexProjects\ALGORITHMICPROJECT\Array.cpp(2515): warning C26429: Symbol 'arr' is never tested for nullness, it can be marked as not_null (f.23).
c:\users\алехандро\desktop\alexprojects\algorithmicproject\array.cpp(2515): warning C26485: Expression 'arr': No array to pointer decay (bounds.3).
C:\Users\Алехандро\Desktop\AlexProjects\ALGORITHMICPROJECT\Array.cpp(2586): warning C26481: Don't use pointer arithmetic. Use span instead (bounds.1).
C:\Users\Алехандро\Desktop\AlexProjects\ALGORITHMICPROJECT\Array.cpp(2587): warning C26481: Don't use pointer arithmetic. Use span instead (bounds.1).
C:\Users\Алехандро\Desktop\AlexProjects\ALGORITHMICPROJECT\Array.cpp(2588): warning C26481: Don't use pointer arithmetic. Use span instead (bounds.1).
C:\Users\Алехандро\Desktop\AlexProjects\ALGORITHMICPROJECT\Array.cpp(2589): warning C26481: Don't use pointer arithmetic. Use span instead (bounds.1).
C:\Users\Алехандро\Desktop\AlexProjects\ALGORITHMICPROJECT\Array.cpp(2590): warning C26481: Don't use pointer arithmetic. Use span instead (bounds.1).
C:\Users\Алехандро\Desktop\AlexProjects\ALGORITHMICPROJECT\Array.cpp(2591): warning C26481: Don't use pointer arithmetic. Use span instead (bounds.1).
C:\Users\Алехандро\Desktop\AlexProjects\ALGORITHMICPROJECT\Array.cpp(2515): warning C26440: Function 'fill123321var5' can be declared 'noexcept' (f.6).
C:\Users\Алехандро\Desktop\AlexProjects\ALGORITHMICPROJECT\Array.cpp(2600): warning C26461: The pointer argument 'arr' for function '_printArr' can be marked as a pointer to const (con.3).
C:\Users\Алехандро\Desktop\AlexProjects\ALGORITHMICPROJECT\Array.cpp(2600): warning C26429: Symbol 'arr' is never tested for nullness, it can be marked as not_null (f.23).
c:\users\алехандро\desktop\alexprojects\algorithmicproject\array.cpp(2600): warning C26485: Expression 'arr': No array to pointer decay (bounds.3).
C:\Users\Алехандро\Desktop\AlexProjects\ALGORITHMICPROJECT\Array.cpp(2618): warning C26481: Don't use pointer arithmetic. Use span instead (bounds.1).
C:\Users\Алехандро\Desktop\AlexProjects\ALGORITHMICPROJECT\Array.cpp(2630): warning C26481: Don't use pointer arithmetic. Use span instead (bounds.1).
C:\Users\Алехандро\Desktop\AlexProjects\ALGORITHMICPROJECT\Array.cpp(2638): warning C26461: The pointer argument 'arr' for function '_printArr' can be marked as a pointer to const (con.3).
C:\Users\Алехандро\Desktop\AlexProjects\ALGORITHMICPROJECT\Array.cpp(2638): warning C26429: Symbol 'arr' is never tested for nullness, it can be marked as not_null (f.23).
c:\users\алехандро\desktop\alexprojects\algorithmicproject\array.cpp(298): warning C26485: Expression 'arr': No array to pointer decay (bounds.3).
C:\Users\Алехандро\Desktop\AlexProjects\ALGORITHMICPROJECT\Array.cpp(2647): warning C26481: Don't use pointer arithmetic. Use span instead (bounds.1).
C:\Users\Алехандро\Desktop\AlexProjects\ALGORITHMICPROJECT\Array.cpp(2652): warning C26461: The pointer argument 'arr' for function '_printArr' can be marked as a pointer to const (con.3).
C:\Users\Алехандро\Desktop\AlexProjects\ALGORITHMICPROJECT\Array.cpp(2652): warning C26429: Symbol 'arr' is never tested for nullness, it can be marked as not_null (f.23).
c:\users\алехандро\desktop\alexprojects\algorithmicproject\array.cpp(297): warning C26485: Expression 'arr': No array to pointer decay (bounds.3).
C:\Users\Алехандро\Desktop\AlexProjects\ALGORITHMICPROJECT\Array.cpp(2674): warning C26481: Don't use pointer arithmetic. Use span instead (bounds.1).
C:\Users\Алехандро\Desktop\AlexProjects\ALGORITHMICPROJECT\Array.cpp(2681): warning C26461: The pointer argument 'arr' for function '_printArr' can be marked as a pointer to const (con.3).
C:\Users\Алехандро\Desktop\AlexProjects\ALGORITHMICPROJECT\Array.cpp(2681): warning C26429: Symbol 'arr' is never tested for nullness, it can be marked as not_null (f.23).
c:\users\алехандро\desktop\alexprojects\algorithmicproject\array.cpp(2681): warning C26485: Expression 'arr': No array to pointer decay (bounds.3).
C:\Users\Алехандро\Desktop\AlexProjects\ALGORITHMICPROJECT\Array.cpp(2699): warning C26481: Don't use pointer arithmetic. Use span instead (bounds.1).
C:\Users\Алехандро\Desktop\AlexProjects\ALGORITHMICPROJECT\Array.cpp(2711): warning C26481: Don't use pointer arithmetic. Use span instead (bounds.1).
C:\Users\Алехандро\Desktop\AlexProjects\ALGORITHMICPROJECT\Array.cpp(2721): warning C26429: Symbol 'arr' is never tested for nullness, it can be marked as not_null (f.23).
c:\users\алехандро\desktop\alexprojects\algorithmicproject\array.cpp(2721): warning C26485: Expression 'arr': No array to pointer decay (bounds.3).
C:\Users\Алехандро\Desktop\AlexProjects\ALGORITHMICPROJECT\Array.cpp(2723): warning C26481: Don't use pointer arithmetic. Use span instead (bounds.1).
C:\Users\Алехандро\Desktop\AlexProjects\ALGORITHMICPROJECT\Array.cpp(2726): warning C26481: Don't use pointer arithmetic. Use span instead (bounds.1).
C:\Users\Алехандро\Desktop\AlexProjects\ALGORITHMICPROJECT\Array.cpp(2721): warning C26440: Function 'fillArithmeticProg' can be declared 'noexcept' (f.6).
C:\Users\Алехандро\Desktop\AlexProjects\ALGORITHMICPROJECT\Array.cpp(2731): warning C26429: Symbol 'arr' is never tested for nullness, it can be marked as not_null (f.23).
c:\users\алехандро\desktop\alexprojects\algorithmicproject\array.cpp(2731): warning C26485: Expression 'arr': No array to pointer decay (bounds.3).
C:\Users\Алехандро\Desktop\AlexProjects\ALGORITHMICPROJECT\Array.cpp(2733): warning C26481: Don't use pointer arithmetic. Use span instead (bounds.1).
C:\Users\Алехандро\Desktop\AlexProjects\ALGORITHMICPROJECT\Array.cpp(2736): warning C26481: Don't use pointer arithmetic. Use span instead (bounds.1).
C:\Users\Алехандро\Desktop\AlexProjects\ALGORITHMICPROJECT\Array.cpp(2731): warning C26440: Function 'fillGeometricProg' can be declared 'noexcept' (f.6).
c:\users\алехандро\desktop\alexprojects\algorithmicproject\structure.cpp(13): warning C26485: Expression 'argv': No array to pointer decay (bounds.3).
